<?xml version="1.0" encoding="UTF-8"?>
<robot generator="Robot 4.1.2 (Python 3.10.0 on win32)" generated="20211130 09:43:29.858" rpa="false" schemaversion="2">
<suite id="s1" name="Amazon-Gherkin" source="C:\Users\jagibson\Prog_Projects\technical_references\Robot\demo-scripts\Tests\amazon-gherkin.robot">
<kw name="Init Suite" library="common" type="SETUP">
<kw name="Log" library="BuiltIn">
<arg>I am initializing a web suite.</arg>
<doc>Logs the given message with the given level.</doc>
<msg timestamp="20211130 09:43:30.069" level="INFO">I am initializing a web suite.</msg>
<status status="PASS" starttime="20211130 09:43:30.069" endtime="20211130 09:43:30.069"/>
</kw>
<status status="PASS" starttime="20211130 09:43:30.069" endtime="20211130 09:43:30.069"/>
</kw>
<test id="s1-t1" name="Logged out user can search for products">
<kw name="Begin Web Test" library="common.web" type="SETUP">
<kw name="Open Browser" library="SeleniumLibrary">
<arg>about:blank</arg>
<arg>chrome</arg>
<doc>Opens a new browser instance to the optional ``url``.</doc>
<msg timestamp="20211130 09:43:30.071" level="INFO">Opening browser 'chrome' to base url 'about:blank'.</msg>
<status status="PASS" starttime="20211130 09:43:30.070" endtime="20211130 09:43:31.402"/>
</kw>
<kw name="Maximize Browser Window" library="SeleniumLibrary">
<doc>Maximizes current browser window.</doc>
<status status="PASS" starttime="20211130 09:43:31.403" endtime="20211130 09:43:31.516"/>
</kw>
<status status="PASS" starttime="20211130 09:43:30.070" endtime="20211130 09:43:31.517"/>
</kw>
<kw name="Given user is not logged in" library="amazon.web.gui-gherkin">
<kw name="Log" library="BuiltIn">
<arg>Check to see whether user is logged in</arg>
<doc>Logs the given message with the given level.</doc>
<msg timestamp="20211130 09:43:31.518" level="INFO">Check to see whether user is logged in</msg>
<status status="PASS" starttime="20211130 09:43:31.517" endtime="20211130 09:43:31.518"/>
</kw>
<status status="PASS" starttime="20211130 09:43:31.517" endtime="20211130 09:43:31.518"/>
</kw>
<kw name="When user searches for products" library="amazon.web.gui-gherkin">
<kw name="Load" library="Landing-Page">
<kw name="Go To" library="SeleniumLibrary">
<arg>https://amazon.com</arg>
<doc>Navigates the current browser window to the provided ``url``.</doc>
<msg timestamp="20211130 09:43:31.519" level="INFO">Opening url 'https://amazon.com'</msg>
<status status="PASS" starttime="20211130 09:43:31.519" endtime="20211130 09:43:34.679"/>
</kw>
<status status="PASS" starttime="20211130 09:43:31.518" endtime="20211130 09:43:34.679"/>
</kw>
<kw name="Search for Products" library="Top-Nav">
<kw name="Enter Search Term" library="Top-Nav">
<kw name="Input Text" library="SeleniumLibrary">
<arg>id=twotabsearchtextbox</arg>
<arg>Ferrari 458</arg>
<doc>Types the given ``text`` into the text field identified by ``locator``.</doc>
<msg timestamp="20211130 09:43:34.680" level="INFO">Typing text 'Ferrari 458' into text field 'id=twotabsearchtextbox'.</msg>
<status status="PASS" starttime="20211130 09:43:34.679" endtime="20211130 09:43:35.361"/>
</kw>
<status status="PASS" starttime="20211130 09:43:34.679" endtime="20211130 09:43:35.361"/>
</kw>
<kw name="Submit Search" library="Top-Nav">
<kw name="Click Button" library="SeleniumLibrary">
<arg>id=nav-search-submit-button</arg>
<doc>Clicks the button identified by ``locator``.</doc>
<msg timestamp="20211130 09:43:35.362" level="INFO">Clicking button 'id=nav-search-submit-button'.</msg>
<status status="PASS" starttime="20211130 09:43:35.362" endtime="20211130 09:43:37.244"/>
</kw>
<status status="PASS" starttime="20211130 09:43:35.361" endtime="20211130 09:43:37.245"/>
</kw>
<status status="PASS" starttime="20211130 09:43:34.679" endtime="20211130 09:43:37.245"/>
</kw>
<status status="PASS" starttime="20211130 09:43:31.518" endtime="20211130 09:43:37.245"/>
</kw>
<kw name="Then search results contains relevant products" library="amazon.web.gui-gherkin">
<kw name="Verify Search Completed" library="Search-Results">
<kw name="Wait Until Page Contains" library="SeleniumLibrary">
<arg>results for "Ferrari 458"</arg>
<doc>Waits until ``text`` appears on the current page.</doc>
<status status="PASS" starttime="20211130 09:43:37.246" endtime="20211130 09:43:37.302"/>
</kw>
<status status="PASS" starttime="20211130 09:43:37.246" endtime="20211130 09:43:37.302"/>
</kw>
<status status="PASS" starttime="20211130 09:43:37.245" endtime="20211130 09:43:37.303"/>
</kw>
<kw name="End Web Test" library="common.web" type="TEARDOWN">
<kw name="Close Browser" library="SeleniumLibrary">
<doc>Closes the current browser.</doc>
<status status="PASS" starttime="20211130 09:43:37.305" endtime="20211130 09:43:39.469"/>
</kw>
<status status="PASS" starttime="20211130 09:43:37.303" endtime="20211130 09:43:39.470"/>
</kw>
<tag>gherkin</tag>
<status status="PASS" starttime="20211130 09:43:30.070" endtime="20211130 09:43:39.470"/>
</test>
<test id="s1-t2" name="Logged out user can view a product">
<kw name="Begin Web Test" library="common.web" type="SETUP">
<kw name="Open Browser" library="SeleniumLibrary">
<arg>about:blank</arg>
<arg>chrome</arg>
<doc>Opens a new browser instance to the optional ``url``.</doc>
<msg timestamp="20211130 09:43:39.472" level="INFO">Opening browser 'chrome' to base url 'about:blank'.</msg>
<status status="PASS" starttime="20211130 09:43:39.472" endtime="20211130 09:43:40.736"/>
</kw>
<kw name="Maximize Browser Window" library="SeleniumLibrary">
<doc>Maximizes current browser window.</doc>
<status status="PASS" starttime="20211130 09:43:40.736" endtime="20211130 09:43:40.865"/>
</kw>
<status status="PASS" starttime="20211130 09:43:39.472" endtime="20211130 09:43:40.865"/>
</kw>
<kw name="Given user is not logged in" library="amazon.web.gui-gherkin">
<kw name="Log" library="BuiltIn">
<arg>Check to see whether user is logged in</arg>
<doc>Logs the given message with the given level.</doc>
<msg timestamp="20211130 09:43:40.866" level="INFO">Check to see whether user is logged in</msg>
<status status="PASS" starttime="20211130 09:43:40.866" endtime="20211130 09:43:40.866"/>
</kw>
<status status="PASS" starttime="20211130 09:43:40.865" endtime="20211130 09:43:40.866"/>
</kw>
<kw name="And user searches for products" library="amazon.web.gui-gherkin">
<kw name="Load" library="Landing-Page">
<kw name="Go To" library="SeleniumLibrary">
<arg>https://amazon.com</arg>
<doc>Navigates the current browser window to the provided ``url``.</doc>
<msg timestamp="20211130 09:43:40.867" level="INFO">Opening url 'https://amazon.com'</msg>
<status status="PASS" starttime="20211130 09:43:40.867" endtime="20211130 09:43:42.791"/>
</kw>
<status status="PASS" starttime="20211130 09:43:40.866" endtime="20211130 09:43:42.791"/>
</kw>
<kw name="Search for Products" library="Top-Nav">
<kw name="Enter Search Term" library="Top-Nav">
<kw name="Input Text" library="SeleniumLibrary">
<arg>id=twotabsearchtextbox</arg>
<arg>Ferrari 458</arg>
<doc>Types the given ``text`` into the text field identified by ``locator``.</doc>
<msg timestamp="20211130 09:43:42.792" level="INFO">Typing text 'Ferrari 458' into text field 'id=twotabsearchtextbox'.</msg>
<status status="PASS" starttime="20211130 09:43:42.792" endtime="20211130 09:43:43.363"/>
</kw>
<status status="PASS" starttime="20211130 09:43:42.792" endtime="20211130 09:43:43.363"/>
</kw>
<kw name="Submit Search" library="Top-Nav">
<kw name="Click Button" library="SeleniumLibrary">
<arg>id=nav-search-submit-button</arg>
<doc>Clicks the button identified by ``locator``.</doc>
<msg timestamp="20211130 09:43:43.364" level="INFO">Clicking button 'id=nav-search-submit-button'.</msg>
<status status="PASS" starttime="20211130 09:43:43.364" endtime="20211130 09:43:45.231"/>
</kw>
<status status="PASS" starttime="20211130 09:43:43.363" endtime="20211130 09:43:45.232"/>
</kw>
<status status="PASS" starttime="20211130 09:43:42.791" endtime="20211130 09:43:45.232"/>
</kw>
<status status="PASS" starttime="20211130 09:43:40.866" endtime="20211130 09:43:45.232"/>
</kw>
<kw name="And search results contains relevant products" library="amazon.web.gui-gherkin">
<kw name="Verify Search Completed" library="Search-Results">
<kw name="Wait Until Page Contains" library="SeleniumLibrary">
<arg>results for "Ferrari 458"</arg>
<doc>Waits until ``text`` appears on the current page.</doc>
<status status="PASS" starttime="20211130 09:43:45.233" endtime="20211130 09:43:45.370"/>
</kw>
<status status="PASS" starttime="20211130 09:43:45.233" endtime="20211130 09:43:45.370"/>
</kw>
<status status="PASS" starttime="20211130 09:43:45.232" endtime="20211130 09:43:45.370"/>
</kw>
<kw name="And user selects a product from search results" library="amazon.web.gui-gherkin">
<kw name="Click Product Link" library="Search-Results">
<doc>Clicks on the third product in the search results list</doc>
<kw name="Click Link" library="SeleniumLibrary">
<arg>xpath=//*[@id="search"]/div[1]/div[1]/div/span[3]/div[2]/div[5]/div/span/div/div/span/a</arg>
<doc>Clicks a link identified by ``locator``.</doc>
<msg timestamp="20211130 09:43:45.372" level="INFO">Clicking link 'xpath=//*[@id="search"]/div[1]/div[1]/div/span[3]/div[2]/div[5]/div/span/div/div/span/a'.</msg>
<status status="PASS" starttime="20211130 09:43:45.372" endtime="20211130 09:43:48.850"/>
</kw>
<status status="PASS" starttime="20211130 09:43:45.372" endtime="20211130 09:43:48.850"/>
</kw>
<kw name="Verify Page Loaded" library="Product">
<kw name="Wait Until Page Contains" library="SeleniumLibrary">
<arg>Back to results</arg>
<doc>Waits until ``text`` appears on the current page.</doc>
<status status="PASS" starttime="20211130 09:43:48.851" endtime="20211130 09:43:48.927"/>
</kw>
<status status="PASS" starttime="20211130 09:43:48.850" endtime="20211130 09:43:48.927"/>
</kw>
<status status="PASS" starttime="20211130 09:43:45.371" endtime="20211130 09:43:48.928"/>
</kw>
<kw name="Then correct product page loads" library="amazon.web.gui-gherkin">
<kw name="Verify Page Loaded" library="Product">
<kw name="Wait Until Page Contains" library="SeleniumLibrary">
<arg>Back to results</arg>
<doc>Waits until ``text`` appears on the current page.</doc>
<status status="PASS" starttime="20211130 09:43:48.929" endtime="20211130 09:43:48.965"/>
</kw>
<status status="PASS" starttime="20211130 09:43:48.928" endtime="20211130 09:43:48.965"/>
</kw>
<status status="PASS" starttime="20211130 09:43:48.928" endtime="20211130 09:43:48.966"/>
</kw>
<kw name="End Web Test" library="common.web" type="TEARDOWN">
<kw name="Close Browser" library="SeleniumLibrary">
<doc>Closes the current browser.</doc>
<status status="PASS" starttime="20211130 09:43:48.967" endtime="20211130 09:43:51.172"/>
</kw>
<status status="PASS" starttime="20211130 09:43:48.966" endtime="20211130 09:43:51.172"/>
</kw>
<tag>gherkin</tag>
<status status="PASS" starttime="20211130 09:43:39.471" endtime="20211130 09:43:51.172"/>
</test>
<test id="s1-t3" name="Logged out user can add product to cart">
<kw name="Begin Web Test" library="common.web" type="SETUP">
<kw name="Open Browser" library="SeleniumLibrary">
<arg>about:blank</arg>
<arg>chrome</arg>
<doc>Opens a new browser instance to the optional ``url``.</doc>
<msg timestamp="20211130 09:43:51.175" level="INFO">Opening browser 'chrome' to base url 'about:blank'.</msg>
<status status="PASS" starttime="20211130 09:43:51.175" endtime="20211130 09:43:52.463"/>
</kw>
<kw name="Maximize Browser Window" library="SeleniumLibrary">
<doc>Maximizes current browser window.</doc>
<status status="PASS" starttime="20211130 09:43:52.463" endtime="20211130 09:43:52.588"/>
</kw>
<status status="PASS" starttime="20211130 09:43:51.174" endtime="20211130 09:43:52.588"/>
</kw>
<kw name="Given user is not logged in" library="amazon.web.gui-gherkin">
<kw name="Log" library="BuiltIn">
<arg>Check to see whether user is logged in</arg>
<doc>Logs the given message with the given level.</doc>
<msg timestamp="20211130 09:43:52.589" level="INFO">Check to see whether user is logged in</msg>
<status status="PASS" starttime="20211130 09:43:52.589" endtime="20211130 09:43:52.589"/>
</kw>
<status status="PASS" starttime="20211130 09:43:52.589" endtime="20211130 09:43:52.589"/>
</kw>
<kw name="And user searches for products" library="amazon.web.gui-gherkin">
<kw name="Load" library="Landing-Page">
<kw name="Go To" library="SeleniumLibrary">
<arg>https://amazon.com</arg>
<doc>Navigates the current browser window to the provided ``url``.</doc>
<msg timestamp="20211130 09:43:52.590" level="INFO">Opening url 'https://amazon.com'</msg>
<status status="PASS" starttime="20211130 09:43:52.590" endtime="20211130 09:43:55.174"/>
</kw>
<status status="PASS" starttime="20211130 09:43:52.590" endtime="20211130 09:43:55.174"/>
</kw>
<kw name="Search for Products" library="Top-Nav">
<kw name="Enter Search Term" library="Top-Nav">
<kw name="Input Text" library="SeleniumLibrary">
<arg>id=twotabsearchtextbox</arg>
<arg>Ferrari 458</arg>
<doc>Types the given ``text`` into the text field identified by ``locator``.</doc>
<msg timestamp="20211130 09:43:55.175" level="INFO">Typing text 'Ferrari 458' into text field 'id=twotabsearchtextbox'.</msg>
<status status="PASS" starttime="20211130 09:43:55.175" endtime="20211130 09:43:55.973"/>
</kw>
<status status="PASS" starttime="20211130 09:43:55.174" endtime="20211130 09:43:55.974"/>
</kw>
<kw name="Submit Search" library="Top-Nav">
<kw name="Click Button" library="SeleniumLibrary">
<arg>id=nav-search-submit-button</arg>
<doc>Clicks the button identified by ``locator``.</doc>
<msg timestamp="20211130 09:43:55.974" level="INFO">Clicking button 'id=nav-search-submit-button'.</msg>
<status status="PASS" starttime="20211130 09:43:55.974" endtime="20211130 09:44:01.062"/>
</kw>
<status status="PASS" starttime="20211130 09:43:55.974" endtime="20211130 09:44:01.063"/>
</kw>
<status status="PASS" starttime="20211130 09:43:55.174" endtime="20211130 09:44:01.063"/>
</kw>
<status status="PASS" starttime="20211130 09:43:52.589" endtime="20211130 09:44:01.063"/>
</kw>
<kw name="And search results contains relevant products" library="amazon.web.gui-gherkin">
<kw name="Verify Search Completed" library="Search-Results">
<kw name="Wait Until Page Contains" library="SeleniumLibrary">
<arg>results for "Ferrari 458"</arg>
<doc>Waits until ``text`` appears on the current page.</doc>
<status status="PASS" starttime="20211130 09:44:01.064" endtime="20211130 09:44:01.143"/>
</kw>
<status status="PASS" starttime="20211130 09:44:01.064" endtime="20211130 09:44:01.143"/>
</kw>
<status status="PASS" starttime="20211130 09:44:01.064" endtime="20211130 09:44:01.143"/>
</kw>
<kw name="And user selects a product from search results" library="amazon.web.gui-gherkin">
<kw name="Click Product Link" library="Search-Results">
<doc>Clicks on the third product in the search results list</doc>
<kw name="Click Link" library="SeleniumLibrary">
<arg>xpath=//*[@id="search"]/div[1]/div[1]/div/span[3]/div[2]/div[5]/div/span/div/div/span/a</arg>
<doc>Clicks a link identified by ``locator``.</doc>
<msg timestamp="20211130 09:44:01.145" level="INFO">Clicking link 'xpath=//*[@id="search"]/div[1]/div[1]/div/span[3]/div[2]/div[5]/div/span/div/div/span/a'.</msg>
<status status="PASS" starttime="20211130 09:44:01.145" endtime="20211130 09:44:04.575"/>
</kw>
<status status="PASS" starttime="20211130 09:44:01.144" endtime="20211130 09:44:04.575"/>
</kw>
<kw name="Verify Page Loaded" library="Product">
<kw name="Wait Until Page Contains" library="SeleniumLibrary">
<arg>Back to results</arg>
<doc>Waits until ``text`` appears on the current page.</doc>
<status status="PASS" starttime="20211130 09:44:04.576" endtime="20211130 09:44:04.654"/>
</kw>
<status status="PASS" starttime="20211130 09:44:04.575" endtime="20211130 09:44:04.654"/>
</kw>
<status status="PASS" starttime="20211130 09:44:01.144" endtime="20211130 09:44:04.655"/>
</kw>
<kw name="And correct product page loads" library="amazon.web.gui-gherkin">
<kw name="Verify Page Loaded" library="Product">
<kw name="Wait Until Page Contains" library="SeleniumLibrary">
<arg>Back to results</arg>
<doc>Waits until ``text`` appears on the current page.</doc>
<status status="PASS" starttime="20211130 09:44:04.656" endtime="20211130 09:44:04.679"/>
</kw>
<status status="PASS" starttime="20211130 09:44:04.656" endtime="20211130 09:44:04.679"/>
</kw>
<status status="PASS" starttime="20211130 09:44:04.655" endtime="20211130 09:44:04.680"/>
</kw>
<kw name="When user adds that product to their cart" library="amazon.web.gui-gherkin">
<kw name="Add to Cart" library="Product">
<kw name="Click Button" library="SeleniumLibrary">
<arg>id=add-to-cart-button</arg>
<doc>Clicks the button identified by ``locator``.</doc>
<msg timestamp="20211130 09:44:04.682" level="INFO">Clicking button 'id=add-to-cart-button'.</msg>
<status status="PASS" starttime="20211130 09:44:04.681" endtime="20211130 09:44:06.097"/>
</kw>
<status status="PASS" starttime="20211130 09:44:04.681" endtime="20211130 09:44:06.098"/>
</kw>
<status status="PASS" starttime="20211130 09:44:04.680" endtime="20211130 09:44:06.098"/>
</kw>
<kw name="Then the product is present in cart" library="amazon.web.gui-gherkin">
<kw name="Verify Product Added" library="Cart">
<kw name="Wait Until Page Contains" library="SeleniumLibrary">
<arg>Added to Cart</arg>
<doc>Waits until ``text`` appears on the current page.</doc>
<status status="PASS" starttime="20211130 09:44:06.099" endtime="20211130 09:44:06.142"/>
</kw>
<status status="PASS" starttime="20211130 09:44:06.099" endtime="20211130 09:44:06.142"/>
</kw>
<status status="PASS" starttime="20211130 09:44:06.098" endtime="20211130 09:44:06.143"/>
</kw>
<kw name="End Web Test" library="common.web" type="TEARDOWN">
<kw name="Close Browser" library="SeleniumLibrary">
<doc>Closes the current browser.</doc>
<status status="PASS" starttime="20211130 09:44:06.143" endtime="20211130 09:44:08.358"/>
</kw>
<status status="PASS" starttime="20211130 09:44:06.143" endtime="20211130 09:44:08.359"/>
</kw>
<tag>gherkin</tag>
<status status="PASS" starttime="20211130 09:43:51.174" endtime="20211130 09:44:08.361"/>
</test>
<test id="s1-t4" name="Logged out user must sign in to check out">
<kw name="Begin Web Test" library="common.web" type="SETUP">
<kw name="Open Browser" library="SeleniumLibrary">
<arg>about:blank</arg>
<arg>chrome</arg>
<doc>Opens a new browser instance to the optional ``url``.</doc>
<msg timestamp="20211130 09:44:08.366" level="INFO">Opening browser 'chrome' to base url 'about:blank'.</msg>
<status status="PASS" starttime="20211130 09:44:08.365" endtime="20211130 09:44:09.699"/>
</kw>
<kw name="Maximize Browser Window" library="SeleniumLibrary">
<doc>Maximizes current browser window.</doc>
<status status="PASS" starttime="20211130 09:44:09.699" endtime="20211130 09:44:09.830"/>
</kw>
<status status="PASS" starttime="20211130 09:44:08.365" endtime="20211130 09:44:09.830"/>
</kw>
<kw name="Given user is not logged in" library="amazon.web.gui-gherkin">
<kw name="Log" library="BuiltIn">
<arg>Check to see whether user is logged in</arg>
<doc>Logs the given message with the given level.</doc>
<msg timestamp="20211130 09:44:09.831" level="INFO">Check to see whether user is logged in</msg>
<status status="PASS" starttime="20211130 09:44:09.831" endtime="20211130 09:44:09.831"/>
</kw>
<status status="PASS" starttime="20211130 09:44:09.831" endtime="20211130 09:44:09.832"/>
</kw>
<kw name="And user searches for products" library="amazon.web.gui-gherkin">
<kw name="Load" library="Landing-Page">
<kw name="Go To" library="SeleniumLibrary">
<arg>https://amazon.com</arg>
<doc>Navigates the current browser window to the provided ``url``.</doc>
<msg timestamp="20211130 09:44:09.832" level="INFO">Opening url 'https://amazon.com'</msg>
<status status="PASS" starttime="20211130 09:44:09.832" endtime="20211130 09:44:12.265"/>
</kw>
<status status="PASS" starttime="20211130 09:44:09.832" endtime="20211130 09:44:12.266"/>
</kw>
<kw name="Search for Products" library="Top-Nav">
<kw name="Enter Search Term" library="Top-Nav">
<kw name="Input Text" library="SeleniumLibrary">
<arg>id=twotabsearchtextbox</arg>
<arg>Ferrari 458</arg>
<doc>Types the given ``text`` into the text field identified by ``locator``.</doc>
<msg timestamp="20211130 09:44:12.267" level="INFO">Typing text 'Ferrari 458' into text field 'id=twotabsearchtextbox'.</msg>
<status status="PASS" starttime="20211130 09:44:12.266" endtime="20211130 09:44:13.112"/>
</kw>
<status status="PASS" starttime="20211130 09:44:12.266" endtime="20211130 09:44:13.112"/>
</kw>
<kw name="Submit Search" library="Top-Nav">
<kw name="Click Button" library="SeleniumLibrary">
<arg>id=nav-search-submit-button</arg>
<doc>Clicks the button identified by ``locator``.</doc>
<msg timestamp="20211130 09:44:13.113" level="INFO">Clicking button 'id=nav-search-submit-button'.</msg>
<status status="PASS" starttime="20211130 09:44:13.113" endtime="20211130 09:44:16.192"/>
</kw>
<status status="PASS" starttime="20211130 09:44:13.112" endtime="20211130 09:44:16.192"/>
</kw>
<status status="PASS" starttime="20211130 09:44:12.266" endtime="20211130 09:44:16.192"/>
</kw>
<status status="PASS" starttime="20211130 09:44:09.832" endtime="20211130 09:44:16.193"/>
</kw>
<kw name="And search results contains relevant products" library="amazon.web.gui-gherkin">
<kw name="Verify Search Completed" library="Search-Results">
<kw name="Wait Until Page Contains" library="SeleniumLibrary">
<arg>results for "Ferrari 458"</arg>
<doc>Waits until ``text`` appears on the current page.</doc>
<status status="PASS" starttime="20211130 09:44:16.194" endtime="20211130 09:44:16.281"/>
</kw>
<status status="PASS" starttime="20211130 09:44:16.194" endtime="20211130 09:44:16.282"/>
</kw>
<status status="PASS" starttime="20211130 09:44:16.193" endtime="20211130 09:44:16.282"/>
</kw>
<kw name="And user selects a product from search results" library="amazon.web.gui-gherkin">
<kw name="Click Product Link" library="Search-Results">
<doc>Clicks on the third product in the search results list</doc>
<kw name="Click Link" library="SeleniumLibrary">
<arg>xpath=//*[@id="search"]/div[1]/div[1]/div/span[3]/div[2]/div[5]/div/span/div/div/span/a</arg>
<doc>Clicks a link identified by ``locator``.</doc>
<msg timestamp="20211130 09:44:16.283" level="INFO">Clicking link 'xpath=//*[@id="search"]/div[1]/div[1]/div/span[3]/div[2]/div[5]/div/span/div/div/span/a'.</msg>
<status status="PASS" starttime="20211130 09:44:16.283" endtime="20211130 09:44:20.169"/>
</kw>
<status status="PASS" starttime="20211130 09:44:16.283" endtime="20211130 09:44:20.169"/>
</kw>
<kw name="Verify Page Loaded" library="Product">
<kw name="Wait Until Page Contains" library="SeleniumLibrary">
<arg>Back to results</arg>
<doc>Waits until ``text`` appears on the current page.</doc>
<status status="PASS" starttime="20211130 09:44:20.169" endtime="20211130 09:44:20.263"/>
</kw>
<status status="PASS" starttime="20211130 09:44:20.169" endtime="20211130 09:44:20.263"/>
</kw>
<status status="PASS" starttime="20211130 09:44:16.282" endtime="20211130 09:44:20.263"/>
</kw>
<kw name="And correct product page loads" library="amazon.web.gui-gherkin">
<kw name="Verify Page Loaded" library="Product">
<kw name="Wait Until Page Contains" library="SeleniumLibrary">
<arg>Back to results</arg>
<doc>Waits until ``text`` appears on the current page.</doc>
<status status="PASS" starttime="20211130 09:44:20.264" endtime="20211130 09:44:20.365"/>
</kw>
<status status="PASS" starttime="20211130 09:44:20.264" endtime="20211130 09:44:20.365"/>
</kw>
<status status="PASS" starttime="20211130 09:44:20.264" endtime="20211130 09:44:20.366"/>
</kw>
<kw name="And user adds that product to their cart" library="amazon.web.gui-gherkin">
<kw name="Add to Cart" library="Product">
<kw name="Click Button" library="SeleniumLibrary">
<arg>id=add-to-cart-button</arg>
<doc>Clicks the button identified by ``locator``.</doc>
<msg timestamp="20211130 09:44:20.367" level="INFO">Clicking button 'id=add-to-cart-button'.</msg>
<status status="PASS" starttime="20211130 09:44:20.367" endtime="20211130 09:44:22.297"/>
</kw>
<status status="PASS" starttime="20211130 09:44:20.367" endtime="20211130 09:44:22.297"/>
</kw>
<status status="PASS" starttime="20211130 09:44:20.366" endtime="20211130 09:44:22.297"/>
</kw>
<kw name="And the product is present in cart" library="amazon.web.gui-gherkin">
<kw name="Verify Product Added" library="Cart">
<kw name="Wait Until Page Contains" library="SeleniumLibrary">
<arg>Added to Cart</arg>
<doc>Waits until ``text`` appears on the current page.</doc>
<status status="PASS" starttime="20211130 09:44:22.299" endtime="20211130 09:44:22.503"/>
</kw>
<status status="PASS" starttime="20211130 09:44:22.298" endtime="20211130 09:44:22.504"/>
</kw>
<status status="PASS" starttime="20211130 09:44:22.298" endtime="20211130 09:44:22.504"/>
</kw>
<kw name="When user attempts to checkout" library="amazon.web.gui-gherkin">
<kw name="Proceed to Checkout" library="Cart">
<kw name="Click Link" library="SeleniumLibrary">
<arg>id=hlb-ptc-btn-native</arg>
<doc>Clicks a link identified by ``locator``.</doc>
<msg timestamp="20211130 09:44:22.505" level="INFO">Clicking link 'id=hlb-ptc-btn-native'.</msg>
<status status="PASS" starttime="20211130 09:44:22.505" endtime="20211130 09:44:23.261"/>
</kw>
<status status="PASS" starttime="20211130 09:44:22.505" endtime="20211130 09:44:23.261"/>
</kw>
<status status="PASS" starttime="20211130 09:44:22.504" endtime="20211130 09:44:23.261"/>
</kw>
<kw name="Then the user is required to sign in" library="amazon.web.gui-gherkin">
<kw name="Verify Page Loaded" library="Sign-In">
<kw name="Page Should Contain Element" library="SeleniumLibrary">
<arg>continue</arg>
<doc>Verifies that element ``locator`` is found on the current page.</doc>
<msg timestamp="20211130 09:44:23.289" level="INFO">Current page contains element 'continue'.</msg>
<status status="PASS" starttime="20211130 09:44:23.263" endtime="20211130 09:44:23.289"/>
</kw>
<status status="PASS" starttime="20211130 09:44:23.263" endtime="20211130 09:44:23.289"/>
</kw>
<status status="PASS" starttime="20211130 09:44:23.262" endtime="20211130 09:44:23.290"/>
</kw>
<kw name="End Web Test" library="common.web" type="TEARDOWN">
<kw name="Close Browser" library="SeleniumLibrary">
<doc>Closes the current browser.</doc>
<status status="PASS" starttime="20211130 09:44:23.291" endtime="20211130 09:44:25.536"/>
</kw>
<status status="PASS" starttime="20211130 09:44:23.290" endtime="20211130 09:44:25.536"/>
</kw>
<doc>This approach uses first level keywords, and it's clear what's happening under the covers</doc>
<tag>gherkin</tag>
<status status="PASS" starttime="20211130 09:44:08.364" endtime="20211130 09:44:25.536"/>
</test>
<kw name="Clean Suite" library="common" type="TEARDOWN">
<kw name="Log" library="BuiltIn">
<arg>I am cleaning up a web suite.</arg>
<doc>Logs the given message with the given level.</doc>
<msg timestamp="20211130 09:44:25.538" level="INFO">I am cleaning up a web suite.</msg>
<status status="PASS" starttime="20211130 09:44:25.538" endtime="20211130 09:44:25.538"/>
</kw>
<status status="PASS" starttime="20211130 09:44:25.537" endtime="20211130 09:44:25.538"/>
</kw>
<doc>Gherkin-based suite file for testing the Amazon website.</doc>
<status status="PASS" starttime="20211130 09:43:29.860" endtime="20211130 09:44:25.538"/>
</suite>
<statistics>
<total>
<stat pass="4" fail="0" skip="0">All Tests</stat>
</total>
<tag>
<stat pass="4" fail="0" skip="0">gherkin</stat>
</tag>
<suite>
<stat pass="4" fail="0" skip="0" id="s1" name="Amazon-Gherkin">Amazon-Gherkin</stat>
</suite>
</statistics>
<errors>
</errors>
</robot>
