<?xml version="1.0" encoding="UTF-8"?>
<robot generator="Robot 4.1.2 (Python 3.10.0 on win32)" generated="20211130 11:48:13.531" rpa="false" schemaversion="2">
<suite id="s1" name="Main.Gherkin" source="C:\Users\jagibson\Prog_Projects\technical_references\Robot\demo-scripts\Tests\main.gherkin.robot">
<kw name="Init Suite" library="common" type="SETUP">
<kw name="Log" library="BuiltIn">
<arg>I am initializing a web suite.</arg>
<doc>Logs the given message with the given level.</doc>
<msg timestamp="20211130 11:48:13.761" level="INFO">I am initializing a web suite.</msg>
<status status="PASS" starttime="20211130 11:48:13.760" endtime="20211130 11:48:13.761"/>
</kw>
<status status="PASS" starttime="20211130 11:48:13.760" endtime="20211130 11:48:13.761"/>
</kw>
<test id="s1-t1" name="Logged out user must sign in to check out">
<kw name="Begin Web Test" library="common.web" type="SETUP">
<arg>${BROWSER}</arg>
<kw name="Open Browser" library="SeleniumLibrary">
<arg>about:blank</arg>
<arg>${browser}</arg>
<doc>Opens a new browser instance to the optional ``url``.</doc>
<msg timestamp="20211130 11:48:13.762" level="INFO">Opening browser 'chrome' to base url 'about:blank'.</msg>
<status status="PASS" starttime="20211130 11:48:13.762" endtime="20211130 11:48:15.145"/>
</kw>
<kw name="Maximize Browser Window" library="SeleniumLibrary">
<doc>Maximizes current browser window.</doc>
<status status="PASS" starttime="20211130 11:48:15.145" endtime="20211130 11:48:15.259"/>
</kw>
<status status="PASS" starttime="20211130 11:48:13.762" endtime="20211130 11:48:15.260"/>
</kw>
<kw name="Given user is not logged in" library="web.gui.gherkin">
<kw name="Log" library="BuiltIn">
<arg>Check to see whether user is logged in</arg>
<doc>Logs the given message with the given level.</doc>
<msg timestamp="20211130 11:48:15.261" level="INFO">Check to see whether user is logged in</msg>
<status status="PASS" starttime="20211130 11:48:15.261" endtime="20211130 11:48:15.261"/>
</kw>
<status status="PASS" starttime="20211130 11:48:15.260" endtime="20211130 11:48:15.261"/>
</kw>
<kw name="And user searches for products" library="web.gui.gherkin">
<arg>${URL}</arg>
<arg>${SEARCH_TERM}</arg>
<kw name="Load" library="Landing-Page">
<arg>${url}</arg>
<kw name="Go To" library="SeleniumLibrary">
<arg>${url}</arg>
<doc>Navigates the current browser window to the provided ``url``.</doc>
<msg timestamp="20211130 11:48:15.262" level="INFO">Opening url 'https://amazon.com'</msg>
<status status="PASS" starttime="20211130 11:48:15.262" endtime="20211130 11:48:18.821"/>
</kw>
<status status="PASS" starttime="20211130 11:48:15.262" endtime="20211130 11:48:18.821"/>
</kw>
<kw name="Search for Products" library="Top-Nav">
<arg>${search_term}</arg>
<kw name="Enter Search Term" library="Top-Nav">
<arg>${search_term}</arg>
<kw name="Input Text" library="SeleniumLibrary">
<arg>id=twotabsearchtextbox</arg>
<arg>${search_term}</arg>
<doc>Types the given ``text`` into the text field identified by ``locator``.</doc>
<msg timestamp="20211130 11:48:18.823" level="INFO">Typing text 'Ferrari 458' into text field 'id=twotabsearchtextbox'.</msg>
<status status="PASS" starttime="20211130 11:48:18.823" endtime="20211130 11:48:19.039"/>
</kw>
<status status="PASS" starttime="20211130 11:48:18.822" endtime="20211130 11:48:19.040"/>
</kw>
<kw name="Submit Search" library="Top-Nav">
<kw name="Click Button" library="SeleniumLibrary">
<arg>id=nav-search-submit-button</arg>
<doc>Clicks the button identified by ``locator``.</doc>
<msg timestamp="20211130 11:48:19.040" level="INFO">Clicking button 'id=nav-search-submit-button'.</msg>
<status status="PASS" starttime="20211130 11:48:19.040" endtime="20211130 11:48:21.285"/>
</kw>
<status status="PASS" starttime="20211130 11:48:19.040" endtime="20211130 11:48:21.285"/>
</kw>
<status status="PASS" starttime="20211130 11:48:18.822" endtime="20211130 11:48:21.285"/>
</kw>
<status status="PASS" starttime="20211130 11:48:15.262" endtime="20211130 11:48:21.285"/>
</kw>
<kw name="And search results contains relevant products" library="web.gui.gherkin">
<arg>${SEARCH_TERM}</arg>
<kw name="Verify Search Completed" library="Search-Results">
<arg>${search_term}</arg>
<kw name="Wait Until Page Contains" library="SeleniumLibrary">
<arg>results for "${search_term}"</arg>
<doc>Waits until ``text`` appears on the current page.</doc>
<status status="PASS" starttime="20211130 11:48:21.286" endtime="20211130 11:48:21.400"/>
</kw>
<status status="PASS" starttime="20211130 11:48:21.286" endtime="20211130 11:48:21.400"/>
</kw>
<status status="PASS" starttime="20211130 11:48:21.285" endtime="20211130 11:48:21.400"/>
</kw>
<kw name="And user selects a product from search results" library="web.gui.gherkin">
<kw name="Click Product Link" library="Search-Results">
<doc>Clicks on the third product in the search results list</doc>
<kw name="Click Link" library="SeleniumLibrary">
<arg>xpath=//*[@id="search"]/div[1]/div[1]/div/span[3]/div[2]/div[5]/div/span/div/div/span/a</arg>
<doc>Clicks a link identified by ``locator``.</doc>
<msg timestamp="20211130 11:48:21.402" level="INFO">Clicking link 'xpath=//*[@id="search"]/div[1]/div[1]/div/span[3]/div[2]/div[5]/div/span/div/div/span/a'.</msg>
<status status="PASS" starttime="20211130 11:48:21.401" endtime="20211130 11:48:24.848"/>
</kw>
<status status="PASS" starttime="20211130 11:48:21.401" endtime="20211130 11:48:24.848"/>
</kw>
<kw name="Verify Page Loaded" library="Product">
<kw name="Wait Until Page Contains" library="SeleniumLibrary">
<arg>Back to results</arg>
<doc>Waits until ``text`` appears on the current page.</doc>
<status status="PASS" starttime="20211130 11:48:24.849" endtime="20211130 11:48:24.929"/>
</kw>
<status status="PASS" starttime="20211130 11:48:24.848" endtime="20211130 11:48:24.930"/>
</kw>
<status status="PASS" starttime="20211130 11:48:21.400" endtime="20211130 11:48:24.930"/>
</kw>
<kw name="And correct product page loads" library="web.gui.gherkin">
<kw name="Verify Page Loaded" library="Product">
<kw name="Wait Until Page Contains" library="SeleniumLibrary">
<arg>Back to results</arg>
<doc>Waits until ``text`` appears on the current page.</doc>
<status status="PASS" starttime="20211130 11:48:24.931" endtime="20211130 11:48:24.959"/>
</kw>
<status status="PASS" starttime="20211130 11:48:24.931" endtime="20211130 11:48:24.959"/>
</kw>
<status status="PASS" starttime="20211130 11:48:24.931" endtime="20211130 11:48:24.960"/>
</kw>
<kw name="And user adds that product to their cart" library="web.gui.gherkin">
<kw name="Add to Cart" library="Product">
<kw name="Click Button" library="SeleniumLibrary">
<arg>id=add-to-cart-button</arg>
<doc>Clicks the button identified by ``locator``.</doc>
<msg timestamp="20211130 11:48:24.961" level="INFO">Clicking button 'id=add-to-cart-button'.</msg>
<status status="PASS" starttime="20211130 11:48:24.961" endtime="20211130 11:48:26.776"/>
</kw>
<status status="PASS" starttime="20211130 11:48:24.960" endtime="20211130 11:48:26.776"/>
</kw>
<status status="PASS" starttime="20211130 11:48:24.960" endtime="20211130 11:48:26.776"/>
</kw>
<kw name="And the product is present in cart" library="web.gui.gherkin">
<kw name="Verify Product Added" library="Cart">
<kw name="Wait Until Page Contains" library="SeleniumLibrary">
<arg>Added to Cart</arg>
<doc>Waits until ``text`` appears on the current page.</doc>
<status status="PASS" starttime="20211130 11:48:26.778" endtime="20211130 11:48:26.956"/>
</kw>
<status status="PASS" starttime="20211130 11:48:26.777" endtime="20211130 11:48:26.956"/>
</kw>
<status status="PASS" starttime="20211130 11:48:26.777" endtime="20211130 11:48:26.956"/>
</kw>
<kw name="When user attempts to checkout" library="web.gui.gherkin">
<kw name="Proceed to Checkout" library="Cart">
<kw name="Click Link" library="SeleniumLibrary">
<arg>id=hlb-ptc-btn-native</arg>
<doc>Clicks a link identified by ``locator``.</doc>
<msg timestamp="20211130 11:48:26.958" level="INFO">Clicking link 'id=hlb-ptc-btn-native'.</msg>
<status status="PASS" starttime="20211130 11:48:26.958" endtime="20211130 11:48:27.926"/>
</kw>
<status status="PASS" starttime="20211130 11:48:26.957" endtime="20211130 11:48:27.926"/>
</kw>
<status status="PASS" starttime="20211130 11:48:26.957" endtime="20211130 11:48:27.926"/>
</kw>
<kw name="Then the user is required to sign in" library="web.gui.gherkin">
<kw name="Verify Page Loaded" library="Sign-In">
<kw name="Page Should Contain Element" library="SeleniumLibrary">
<arg>continue</arg>
<doc>Verifies that element ``locator`` is found on the current page.</doc>
<msg timestamp="20211130 11:48:27.975" level="INFO">Current page contains element 'continue'.</msg>
<status status="PASS" starttime="20211130 11:48:27.928" endtime="20211130 11:48:27.975"/>
</kw>
<status status="PASS" starttime="20211130 11:48:27.927" endtime="20211130 11:48:27.976"/>
</kw>
<status status="PASS" starttime="20211130 11:48:27.927" endtime="20211130 11:48:27.976"/>
</kw>
<kw name="End Web Test" library="common.web" type="TEARDOWN">
<kw name="Close Browser" library="SeleniumLibrary">
<doc>Closes the current browser.</doc>
<status status="PASS" starttime="20211130 11:48:27.977" endtime="20211130 11:48:30.189"/>
</kw>
<status status="PASS" starttime="20211130 11:48:27.976" endtime="20211130 11:48:30.190"/>
</kw>
<doc>This approach uses first level keywords, and it's clear what's happening under the covers</doc>
<tag>all</tag>
<status status="PASS" starttime="20211130 11:48:13.761" endtime="20211130 11:48:30.190"/>
</test>
<kw name="Clean Suite" library="common" type="TEARDOWN">
<kw name="Log" library="BuiltIn">
<arg>I am cleaning up a web suite.</arg>
<doc>Logs the given message with the given level.</doc>
<msg timestamp="20211130 11:48:30.192" level="INFO">I am cleaning up a web suite.</msg>
<status status="PASS" starttime="20211130 11:48:30.192" endtime="20211130 11:48:30.192"/>
</kw>
<status status="PASS" starttime="20211130 11:48:30.192" endtime="20211130 11:48:30.192"/>
</kw>
<doc>Gherkin-based suite file for testing the Amazon website.</doc>
<status status="PASS" starttime="20211130 11:48:13.532" endtime="20211130 11:48:30.192"/>
</suite>
<statistics>
<total>
<stat pass="1" fail="0" skip="0">All Tests</stat>
</total>
<tag>
<stat pass="1" fail="0" skip="0">all</stat>
</tag>
<suite>
<stat pass="1" fail="0" skip="0" id="s1" name="Main.Gherkin">Main.Gherkin</stat>
</suite>
</statistics>
<errors>
</errors>
</robot>
