<?xml version="1.0" encoding="UTF-8"?>
<robot generator="Robot 4.1.2 (Python 3.10.0 on win32)" generated="20211216 09:45:33.087" rpa="false" schemaversion="2">
<suite id="s1" name="Library" source="C:\Users\jagibson\Prog_Projects\technical_references\Robot\demo-scripts\Tests\library.robot">
<test id="s1-t1" name="Do a custom thing from resources">
<kw name="Do a custom thing from libraries" library="library">
<kw name="Do Custom Thing" library="custom_library">
<msg timestamp="20211216 09:45:33.461" level="INFO">doing custom thing</msg>
<status status="PASS" starttime="20211216 09:45:33.461" endtime="20211216 09:45:33.461"/>
</kw>
<status status="PASS" starttime="20211216 09:45:33.460" endtime="20211216 09:45:33.461"/>
</kw>
<tag>Library</tag>
<status status="PASS" starttime="20211216 09:45:33.459" endtime="20211216 09:45:33.462"/>
</test>
<doc>These are some Library tests</doc>
<status status="PASS" starttime="20211216 09:45:33.090" endtime="20211216 09:45:33.463"/>
</suite>
<statistics>
<total>
<stat pass="1" fail="0" skip="0">All Tests</stat>
</total>
<tag>
<stat pass="1" fail="0" skip="0">Library</stat>
</tag>
<suite>
<stat pass="1" fail="0" skip="0" id="s1" name="Library">Library</stat>
</suite>
</statistics>
<errors>
</errors>
</robot>
