<?xml version="1.0" encoding="UTF-8"?>
<robot generator="Robot 4.1.2 (Python 3.10.0 on win32)" generated="20211130 14:24:15.254" rpa="false" schemaversion="2">
<suite id="s1" name="Main" source="C:\Users\jagibson\Prog_Projects\technical_references\Robot\demo-scripts\Tests\main.robot">
<kw name="Init Suite" library="common" type="SETUP">
<kw name="Log" library="BuiltIn">
<arg>I am initializing a web suite.</arg>
<doc>Logs the given message with the given level.</doc>
<msg timestamp="20211130 14:24:15.493" level="INFO">I am initializing a web suite.</msg>
<status status="PASS" starttime="20211130 14:24:15.493" endtime="20211130 14:24:15.493"/>
</kw>
<status status="PASS" starttime="20211130 14:24:15.492" endtime="20211130 14:24:15.493"/>
</kw>
<test id="s1-t1" name="User cannot sign in with invalid email">
<kw name="Begin Web Test" library="common.web" type="SETUP">
<arg>${BROWSER}</arg>
<kw name="Open Browser" library="SeleniumLibrary">
<arg>about:blank</arg>
<arg>${browser}</arg>
<doc>Opens a new browser instance to the optional ``url``.</doc>
<msg timestamp="20211130 14:24:15.494" level="INFO">Opening browser 'chrome' to base url 'about:blank'.</msg>
<status status="PASS" starttime="20211130 14:24:15.494" endtime="20211130 14:24:16.847"/>
</kw>
<kw name="Maximize Browser Window" library="SeleniumLibrary">
<doc>Maximizes current browser window.</doc>
<status status="PASS" starttime="20211130 14:24:16.847" endtime="20211130 14:24:16.964"/>
</kw>
<status status="PASS" starttime="20211130 14:24:15.494" endtime="20211130 14:24:16.964"/>
</kw>
<kw name="Log" library="BuiltIn">
<arg>Testing invalid credential sign-in.</arg>
<doc>Logs the given message with the given level.</doc>
<msg timestamp="20211130 14:24:16.965" level="INFO">Testing invalid credential sign-in.</msg>
<status status="PASS" starttime="20211130 14:24:16.965" endtime="20211130 14:24:16.965"/>
</kw>
<kw name="Begin Login" library="web.gui">
<arg>${URL}</arg>
<kw name="Load" library="Landing-Page">
<arg>${url}</arg>
<kw name="Go To" library="SeleniumLibrary">
<arg>${url}</arg>
<doc>Navigates the current browser window to the provided ``url``.</doc>
<msg timestamp="20211130 14:24:16.966" level="INFO">Opening url 'https://amazon.com'</msg>
<status status="PASS" starttime="20211130 14:24:16.966" endtime="20211130 14:24:20.179"/>
</kw>
<status status="PASS" starttime="20211130 14:24:16.966" endtime="20211130 14:24:20.179"/>
</kw>
<kw name="Verify Page Loaded" library="Landing-Page">
<kw name="Wait Until Page Contains" library="SeleniumLibrary">
<arg>${LANDING_PAGE_WELCOME_MSG}</arg>
<doc>Waits until ``text`` appears on the current page.</doc>
<status status="PASS" starttime="20211130 14:24:20.180" endtime="20211130 14:24:20.532"/>
</kw>
<status status="PASS" starttime="20211130 14:24:20.180" endtime="20211130 14:24:20.532"/>
</kw>
<kw name="View Account" library="Top-Nav">
<kw name="Click Link" library="SeleniumLibrary">
<arg>${TOP_NAV_ACCOUNT_BUTTON}</arg>
<doc>Clicks a link identified by ``locator``.</doc>
<msg timestamp="20211130 14:24:20.533" level="INFO">Clicking link 'id=nav-link-accountList'.</msg>
<status status="PASS" starttime="20211130 14:24:20.533" endtime="20211130 14:24:22.224"/>
</kw>
<status status="PASS" starttime="20211130 14:24:20.532" endtime="20211130 14:24:22.225"/>
</kw>
<status status="PASS" starttime="20211130 14:24:16.965" endtime="20211130 14:24:22.225"/>
</kw>
<kw name="Submit &quot;Email&quot; Value" library="web.gui">
<arg>${INVALID_EMAIL}</arg>
<kw name="Fill &quot;Email&quot; Field" library="Sign-In">
<arg>${email}</arg>
<kw name="Input Text" library="SeleniumLibrary">
<arg>${SIGN_IN_EMAIL_BOX}</arg>
<arg>${email}</arg>
<doc>Types the given ``text`` into the text field identified by ``locator``.</doc>
<msg timestamp="20211130 14:24:22.227" level="INFO">Typing text 'invalid_user@email.com' into text field 'id=ap_email'.</msg>
<status status="PASS" starttime="20211130 14:24:22.226" endtime="20211130 14:24:22.408"/>
</kw>
<status status="PASS" starttime="20211130 14:24:22.226" endtime="20211130 14:24:22.408"/>
</kw>
<kw name="Click &quot;Continue&quot; Button" library="Sign-In">
<kw name="Click Button" library="SeleniumLibrary">
<arg>${SIGN_IN_CONTINUE_BUTTON}</arg>
<doc>Clicks the button identified by ``locator``.</doc>
<msg timestamp="20211130 14:24:22.409" level="INFO">Clicking button 'id=continue'.</msg>
<status status="PASS" starttime="20211130 14:24:22.409" endtime="20211130 14:24:23.345"/>
</kw>
<status status="PASS" starttime="20211130 14:24:22.409" endtime="20211130 14:24:23.345"/>
</kw>
<status status="PASS" starttime="20211130 14:24:22.226" endtime="20211130 14:24:23.345"/>
</kw>
<kw name="Verify &quot;Email&quot; Error" library="web.gui">
<kw name="Verify Invalid Email" library="Sign-In">
<kw name="Wait Until Page Contains" library="SeleniumLibrary">
<arg>${SIGN_IN_INVLID_EMAIL_MSG}</arg>
<doc>Waits until ``text`` appears on the current page.</doc>
<status status="PASS" starttime="20211130 14:24:23.347" endtime="20211130 14:24:23.402"/>
</kw>
<status status="PASS" starttime="20211130 14:24:23.347" endtime="20211130 14:24:23.402"/>
</kw>
<status status="PASS" starttime="20211130 14:24:23.346" endtime="20211130 14:24:23.403"/>
</kw>
<kw name="Pause" library="common">
<kw name="Sleep" library="BuiltIn">
<arg>2s</arg>
<doc>Pauses the test executed for the given time.</doc>
<msg timestamp="20211130 14:24:25.415" level="INFO">Slept 2 seconds</msg>
<status status="PASS" starttime="20211130 14:24:23.403" endtime="20211130 14:24:25.415"/>
</kw>
<status status="PASS" starttime="20211130 14:24:23.403" endtime="20211130 14:24:25.415"/>
</kw>
<kw name="End Web Test" library="common.web" type="TEARDOWN">
<kw name="Close Browser" library="SeleniumLibrary">
<doc>Closes the current browser.</doc>
<status status="PASS" starttime="20211130 14:24:25.416" endtime="20211130 14:24:27.574"/>
</kw>
<status status="PASS" starttime="20211130 14:24:25.416" endtime="20211130 14:24:27.574"/>
</kw>
<doc>Attempt to login with invalid email.</doc>
<tag>email</tag>
<status status="PASS" starttime="20211130 14:24:15.493" endtime="20211130 14:24:27.575"/>
</test>
<kw name="Clean Suite" library="common" type="TEARDOWN">
<kw name="Log" library="BuiltIn">
<arg>I am cleaning up a web suite.</arg>
<doc>Logs the given message with the given level.</doc>
<msg timestamp="20211130 14:24:27.577" level="INFO">I am cleaning up a web suite.</msg>
<status status="PASS" starttime="20211130 14:24:27.576" endtime="20211130 14:24:27.577"/>
</kw>
<status status="PASS" starttime="20211130 14:24:27.576" endtime="20211130 14:24:27.577"/>
</kw>
<doc>Main suite file for testing the Amazon website.</doc>
<status status="PASS" starttime="20211130 14:24:15.256" endtime="20211130 14:24:27.577"/>
</suite>
<statistics>
<total>
<stat pass="1" fail="0" skip="0">All Tests</stat>
</total>
<tag>
<stat pass="1" fail="0" skip="0">email</stat>
</tag>
<suite>
<stat pass="1" fail="0" skip="0" id="s1" name="Main">Main</stat>
</suite>
</statistics>
<errors>
</errors>
</robot>
