<?xml version="1.0" encoding="UTF-8"?>
<robot generator="Robot 4.1.2 (Python 3.10.0 on win32)" generated="20211229 16:18:53.185" rpa="false" schemaversion="2">
<suite id="s1" name="Collections" source="C:\Users\jagibson\Prog_Projects\technical_references\Robot\demo-scripts\Tests\collections.robot">
<test id="s1-t1" name="Unregistered user should see error message at login">
<kw name="Begin Web Test" library="common" type="SETUP">
<kw name="Open Browser" library="SeleniumLibrary">
<arg>about:blank</arg>
<arg>${BROWSER}</arg>
<doc>Opens a new browser instance to the optional ``url``.</doc>
<msg timestamp="20211229 16:18:53.419" level="INFO">Opening browser 'chrome' to base url 'about:blank'.</msg>
<status status="PASS" starttime="20211229 16:18:53.419" endtime="20211229 16:18:54.815"/>
</kw>
<kw name="Maximize Browser Window" library="SeleniumLibrary">
<doc>Maximizes current browser window.</doc>
<status status="PASS" starttime="20211229 16:18:54.815" endtime="20211229 16:18:54.943"/>
</kw>
<status status="PASS" starttime="20211229 16:18:53.418" endtime="20211229 16:18:54.943"/>
</kw>
<kw name="Navigate to Sign In Page" library="collections">
<kw name="Navigate To" library="sign-in">
<kw name="Catenate" library="BuiltIn">
<var>${SignInUrl}</var>
<arg>SEPARATOR=/</arg>
<arg>${BASE_URL.${ENVIRONMENT}}</arg>
<arg>${LOGIN_URL}</arg>
<doc>Catenates the given items together and returns the resulted string.</doc>
<msg timestamp="20211229 16:18:54.944" level="INFO">${SignInUrl} = https://www.cars.com//signin</msg>
<status status="PASS" starttime="20211229 16:18:54.944" endtime="20211229 16:18:54.944"/>
</kw>
<kw name="Go To" library="SeleniumLibrary">
<arg>${SignInUrl}</arg>
<doc>Navigates the current browser window to the provided ``url``.</doc>
<msg timestamp="20211229 16:18:54.944" level="INFO">Opening url 'https://www.cars.com//signin'</msg>
<status status="PASS" starttime="20211229 16:18:54.944" endtime="20211229 16:18:59.273"/>
</kw>
<status status="PASS" starttime="20211229 16:18:54.943" endtime="20211229 16:18:59.273"/>
</kw>
<status status="PASS" starttime="20211229 16:18:54.943" endtime="20211229 16:18:59.273"/>
</kw>
<kw name="Attempt Login" library="collections">
<arg>${UNREGISTERED_USER}</arg>
<kw name="Enter Credentials" library="sign-in">
<arg>${Credentials}</arg>
<kw name="Run Keyword Unless" library="BuiltIn">
<arg>'${Credentials.Email}' == '#BLANK'</arg>
<arg>Input Text</arg>
<arg>${SIGN_IN_EMAIL}</arg>
<arg>${Credentials.Email}</arg>
<doc>Runs the given keyword with the given arguments if ``condition`` is false.</doc>
<kw name="Input Text" library="SeleniumLibrary">
<arg>${SIGN_IN_EMAIL}</arg>
<arg>${Credentials.Email}</arg>
<doc>Types the given ``text`` into the text field identified by ``locator``.</doc>
<msg timestamp="20211229 16:18:59.276" level="INFO">Typing text 'admin@robotframeworktutorial.com' into text field 'xpath=//input[@id='email']'.</msg>
<status status="PASS" starttime="20211229 16:18:59.275" endtime="20211229 16:18:59.379"/>
</kw>
<status status="PASS" starttime="20211229 16:18:59.274" endtime="20211229 16:18:59.379"/>
</kw>
<kw name="Run Keyword Unless" library="BuiltIn">
<arg>'${Credentials.Password}' == '#BLANK'</arg>
<arg>Input Text</arg>
<arg>${SIGN_IN_PASSWORD}</arg>
<arg>${Credentials.Password}</arg>
<doc>Runs the given keyword with the given arguments if ``condition`` is false.</doc>
<kw name="Input Text" library="SeleniumLibrary">
<arg>${SIGN_IN_PASSWORD}</arg>
<arg>${Credentials.Password}</arg>
<doc>Types the given ``text`` into the text field identified by ``locator``.</doc>
<msg timestamp="20211229 16:18:59.380" level="INFO">Typing text 'AdminPassword!' into text field 'xpath=//input[@id='password']'.</msg>
<status status="PASS" starttime="20211229 16:18:59.380" endtime="20211229 16:18:59.485"/>
</kw>
<status status="PASS" starttime="20211229 16:18:59.379" endtime="20211229 16:18:59.485"/>
</kw>
<status status="PASS" starttime="20211229 16:18:59.274" endtime="20211229 16:18:59.486"/>
</kw>
<kw name="Click Submit" library="sign-in">
<kw name="Click Button" library="SeleniumLibrary">
<arg>${LOGIN_SUBMIT_BUTTON}</arg>
<doc>Clicks the button identified by ``locator``.</doc>
<msg timestamp="20211229 16:18:59.487" level="INFO">Clicking button 'xpath=//button[@type='submit']'.</msg>
<status status="PASS" starttime="20211229 16:18:59.487" endtime="20211229 16:19:01.993"/>
</kw>
<status status="PASS" starttime="20211229 16:18:59.486" endtime="20211229 16:19:01.993"/>
</kw>
<kw name="Sleep" library="BuiltIn">
<arg>1s</arg>
<doc>Pauses the test executed for the given time.</doc>
<msg timestamp="20211229 16:19:03.000" level="INFO">Slept 1 second</msg>
<status status="PASS" starttime="20211229 16:19:01.994" endtime="20211229 16:19:03.000"/>
</kw>
<status status="PASS" starttime="20211229 16:18:59.274" endtime="20211229 16:19:03.000"/>
</kw>
<kw name="Verify Login Page Error Message" library="collections">
<arg>${UNREGISTERED_USER.ExpectedErrorMessage}</arg>
<kw name="Verify Error Message" library="sign-in">
<arg>${ExpectedErrorMessage}</arg>
<kw name="Page Should Contain" library="SeleniumLibrary">
<arg>${ExpectedErrorMessage}</arg>
<doc>Verifies that current page contains ``text``.</doc>
<msg timestamp="20211229 16:19:03.027" level="INFO">Current page contains text 'We were unable to sign you in.'.</msg>
<status status="PASS" starttime="20211229 16:19:03.003" endtime="20211229 16:19:03.027"/>
</kw>
<status status="PASS" starttime="20211229 16:19:03.002" endtime="20211229 16:19:03.028"/>
</kw>
<status status="PASS" starttime="20211229 16:19:03.001" endtime="20211229 16:19:03.028"/>
</kw>
<kw name="Sleep" library="BuiltIn">
<arg>3s</arg>
<doc>Pauses the test executed for the given time.</doc>
<msg timestamp="20211229 16:19:06.043" level="INFO">Slept 3 seconds</msg>
<status status="PASS" starttime="20211229 16:19:03.028" endtime="20211229 16:19:06.043"/>
</kw>
<kw name="End Web Test" library="common" type="TEARDOWN">
<kw name="Close All Browsers" library="SeleniumLibrary">
<doc>Closes all open browsers and resets the browser cache.</doc>
<status status="PASS" starttime="20211229 16:19:06.044" endtime="20211229 16:19:08.297"/>
</kw>
<status status="PASS" starttime="20211229 16:19:06.044" endtime="20211229 16:19:08.297"/>
</kw>
<tag>Collections</tag>
<status status="PASS" starttime="20211229 16:18:53.418" endtime="20211229 16:19:08.298"/>
</test>
<test id="s1-t2" name="Login with invalid password should show error message">
<kw name="Begin Web Test" library="common" type="SETUP">
<kw name="Open Browser" library="SeleniumLibrary">
<arg>about:blank</arg>
<arg>${BROWSER}</arg>
<doc>Opens a new browser instance to the optional ``url``.</doc>
<msg timestamp="20211229 16:19:08.299" level="INFO">Opening browser 'chrome' to base url 'about:blank'.</msg>
<status status="PASS" starttime="20211229 16:19:08.299" endtime="20211229 16:19:09.921"/>
</kw>
<kw name="Maximize Browser Window" library="SeleniumLibrary">
<doc>Maximizes current browser window.</doc>
<status status="PASS" starttime="20211229 16:19:09.922" endtime="20211229 16:19:10.061"/>
</kw>
<status status="PASS" starttime="20211229 16:19:08.299" endtime="20211229 16:19:10.061"/>
</kw>
<kw name="Navigate to Sign In Page" library="collections">
<kw name="Navigate To" library="sign-in">
<kw name="Catenate" library="BuiltIn">
<var>${SignInUrl}</var>
<arg>SEPARATOR=/</arg>
<arg>${BASE_URL.${ENVIRONMENT}}</arg>
<arg>${LOGIN_URL}</arg>
<doc>Catenates the given items together and returns the resulted string.</doc>
<msg timestamp="20211229 16:19:10.063" level="INFO">${SignInUrl} = https://www.cars.com//signin</msg>
<status status="PASS" starttime="20211229 16:19:10.062" endtime="20211229 16:19:10.063"/>
</kw>
<kw name="Go To" library="SeleniumLibrary">
<arg>${SignInUrl}</arg>
<doc>Navigates the current browser window to the provided ``url``.</doc>
<msg timestamp="20211229 16:19:10.064" level="INFO">Opening url 'https://www.cars.com//signin'</msg>
<status status="PASS" starttime="20211229 16:19:10.063" endtime="20211229 16:19:13.383"/>
</kw>
<status status="PASS" starttime="20211229 16:19:10.062" endtime="20211229 16:19:13.383"/>
</kw>
<status status="PASS" starttime="20211229 16:19:10.061" endtime="20211229 16:19:13.383"/>
</kw>
<kw name="Attempt Login" library="collections">
<arg>${INVALID_PASSWORD_USER}</arg>
<kw name="Enter Credentials" library="sign-in">
<arg>${Credentials}</arg>
<kw name="Run Keyword Unless" library="BuiltIn">
<arg>'${Credentials.Email}' == '#BLANK'</arg>
<arg>Input Text</arg>
<arg>${SIGN_IN_EMAIL}</arg>
<arg>${Credentials.Email}</arg>
<doc>Runs the given keyword with the given arguments if ``condition`` is false.</doc>
<kw name="Input Text" library="SeleniumLibrary">
<arg>${SIGN_IN_EMAIL}</arg>
<arg>${Credentials.Email}</arg>
<doc>Types the given ``text`` into the text field identified by ``locator``.</doc>
<msg timestamp="20211229 16:19:13.387" level="INFO">Typing text 'test@gmail.com' into text field 'xpath=//input[@id='email']'.</msg>
<status status="PASS" starttime="20211229 16:19:13.386" endtime="20211229 16:19:13.553"/>
</kw>
<status status="PASS" starttime="20211229 16:19:13.385" endtime="20211229 16:19:13.553"/>
</kw>
<kw name="Run Keyword Unless" library="BuiltIn">
<arg>'${Credentials.Password}' == '#BLANK'</arg>
<arg>Input Text</arg>
<arg>${SIGN_IN_PASSWORD}</arg>
<arg>${Credentials.Password}</arg>
<doc>Runs the given keyword with the given arguments if ``condition`` is false.</doc>
<kw name="Input Text" library="SeleniumLibrary">
<arg>${SIGN_IN_PASSWORD}</arg>
<arg>${Credentials.Password}</arg>
<doc>Types the given ``text`` into the text field identified by ``locator``.</doc>
<msg timestamp="20211229 16:19:13.556" level="INFO">Typing text 'TestPassword!' into text field 'xpath=//input[@id='password']'.</msg>
<status status="PASS" starttime="20211229 16:19:13.554" endtime="20211229 16:19:13.802"/>
</kw>
<status status="PASS" starttime="20211229 16:19:13.553" endtime="20211229 16:19:13.802"/>
</kw>
<status status="PASS" starttime="20211229 16:19:13.385" endtime="20211229 16:19:13.802"/>
</kw>
<kw name="Click Submit" library="sign-in">
<kw name="Click Button" library="SeleniumLibrary">
<arg>${LOGIN_SUBMIT_BUTTON}</arg>
<doc>Clicks the button identified by ``locator``.</doc>
<msg timestamp="20211229 16:19:13.804" level="INFO">Clicking button 'xpath=//button[@type='submit']'.</msg>
<status status="PASS" starttime="20211229 16:19:13.803" endtime="20211229 16:19:16.602"/>
</kw>
<status status="PASS" starttime="20211229 16:19:13.803" endtime="20211229 16:19:16.602"/>
</kw>
<kw name="Sleep" library="BuiltIn">
<arg>1s</arg>
<doc>Pauses the test executed for the given time.</doc>
<msg timestamp="20211229 16:19:17.612" level="INFO">Slept 1 second</msg>
<status status="PASS" starttime="20211229 16:19:16.602" endtime="20211229 16:19:17.612"/>
</kw>
<status status="PASS" starttime="20211229 16:19:13.384" endtime="20211229 16:19:17.612"/>
</kw>
<kw name="Verify Login Page Error Message" library="collections">
<arg>${INVALID_PASSWORD_USER.ExpectedErrorMessage}</arg>
<kw name="Verify Error Message" library="sign-in">
<arg>${ExpectedErrorMessage}</arg>
<kw name="Page Should Contain" library="SeleniumLibrary">
<arg>${ExpectedErrorMessage}</arg>
<doc>Verifies that current page contains ``text``.</doc>
<msg timestamp="20211229 16:19:17.645" level="INFO">Current page contains text 'We were unable to sign you in.'.</msg>
<status status="PASS" starttime="20211229 16:19:17.614" endtime="20211229 16:19:17.645"/>
</kw>
<status status="PASS" starttime="20211229 16:19:17.614" endtime="20211229 16:19:17.645"/>
</kw>
<status status="PASS" starttime="20211229 16:19:17.613" endtime="20211229 16:19:17.645"/>
</kw>
<kw name="Sleep" library="BuiltIn">
<arg>3s</arg>
<doc>Pauses the test executed for the given time.</doc>
<msg timestamp="20211229 16:19:20.658" level="INFO">Slept 3 seconds</msg>
<status status="PASS" starttime="20211229 16:19:17.646" endtime="20211229 16:19:20.658"/>
</kw>
<kw name="End Web Test" library="common" type="TEARDOWN">
<kw name="Close All Browsers" library="SeleniumLibrary">
<doc>Closes all open browsers and resets the browser cache.</doc>
<status status="PASS" starttime="20211229 16:19:20.659" endtime="20211229 16:19:22.871"/>
</kw>
<status status="PASS" starttime="20211229 16:19:20.658" endtime="20211229 16:19:22.871"/>
</kw>
<tag>Collections</tag>
<status status="PASS" starttime="20211229 16:19:08.298" endtime="20211229 16:19:22.872"/>
</test>
<test id="s1-t3" name="Login with blank email and password should show error message">
<kw name="Begin Web Test" library="common" type="SETUP">
<kw name="Open Browser" library="SeleniumLibrary">
<arg>about:blank</arg>
<arg>${BROWSER}</arg>
<doc>Opens a new browser instance to the optional ``url``.</doc>
<msg timestamp="20211229 16:19:22.874" level="INFO">Opening browser 'chrome' to base url 'about:blank'.</msg>
<status status="PASS" starttime="20211229 16:19:22.873" endtime="20211229 16:19:24.388"/>
</kw>
<kw name="Maximize Browser Window" library="SeleniumLibrary">
<doc>Maximizes current browser window.</doc>
<status status="PASS" starttime="20211229 16:19:24.388" endtime="20211229 16:19:24.515"/>
</kw>
<status status="PASS" starttime="20211229 16:19:22.873" endtime="20211229 16:19:24.515"/>
</kw>
<kw name="Navigate to Sign In Page" library="collections">
<kw name="Navigate To" library="sign-in">
<kw name="Catenate" library="BuiltIn">
<var>${SignInUrl}</var>
<arg>SEPARATOR=/</arg>
<arg>${BASE_URL.${ENVIRONMENT}}</arg>
<arg>${LOGIN_URL}</arg>
<doc>Catenates the given items together and returns the resulted string.</doc>
<msg timestamp="20211229 16:19:24.518" level="INFO">${SignInUrl} = https://www.cars.com//signin</msg>
<status status="PASS" starttime="20211229 16:19:24.517" endtime="20211229 16:19:24.518"/>
</kw>
<kw name="Go To" library="SeleniumLibrary">
<arg>${SignInUrl}</arg>
<doc>Navigates the current browser window to the provided ``url``.</doc>
<msg timestamp="20211229 16:19:24.518" level="INFO">Opening url 'https://www.cars.com//signin'</msg>
<status status="PASS" starttime="20211229 16:19:24.518" endtime="20211229 16:19:27.456"/>
</kw>
<status status="PASS" starttime="20211229 16:19:24.516" endtime="20211229 16:19:27.456"/>
</kw>
<status status="PASS" starttime="20211229 16:19:24.516" endtime="20211229 16:19:27.457"/>
</kw>
<kw name="Attempt Login" library="collections">
<arg>${BLANK_CREDENTIALS_USER}</arg>
<kw name="Enter Credentials" library="sign-in">
<arg>${Credentials}</arg>
<kw name="Run Keyword Unless" library="BuiltIn">
<arg>'${Credentials.Email}' == '#BLANK'</arg>
<arg>Input Text</arg>
<arg>${SIGN_IN_EMAIL}</arg>
<arg>${Credentials.Email}</arg>
<doc>Runs the given keyword with the given arguments if ``condition`` is false.</doc>
<status status="PASS" starttime="20211229 16:19:27.458" endtime="20211229 16:19:27.459"/>
</kw>
<kw name="Run Keyword Unless" library="BuiltIn">
<arg>'${Credentials.Password}' == '#BLANK'</arg>
<arg>Input Text</arg>
<arg>${SIGN_IN_PASSWORD}</arg>
<arg>${Credentials.Password}</arg>
<doc>Runs the given keyword with the given arguments if ``condition`` is false.</doc>
<status status="PASS" starttime="20211229 16:19:27.459" endtime="20211229 16:19:27.460"/>
</kw>
<status status="PASS" starttime="20211229 16:19:27.458" endtime="20211229 16:19:27.460"/>
</kw>
<kw name="Click Submit" library="sign-in">
<kw name="Click Button" library="SeleniumLibrary">
<arg>${LOGIN_SUBMIT_BUTTON}</arg>
<doc>Clicks the button identified by ``locator``.</doc>
<msg timestamp="20211229 16:19:27.460" level="INFO">Clicking button 'xpath=//button[@type='submit']'.</msg>
<status status="PASS" starttime="20211229 16:19:27.460" endtime="20211229 16:19:28.915"/>
</kw>
<status status="PASS" starttime="20211229 16:19:27.460" endtime="20211229 16:19:28.915"/>
</kw>
<kw name="Sleep" library="BuiltIn">
<arg>1s</arg>
<doc>Pauses the test executed for the given time.</doc>
<msg timestamp="20211229 16:19:29.926" level="INFO">Slept 1 second</msg>
<status status="PASS" starttime="20211229 16:19:28.915" endtime="20211229 16:19:29.926"/>
</kw>
<status status="PASS" starttime="20211229 16:19:27.457" endtime="20211229 16:19:29.926"/>
</kw>
<kw name="Verify Login Page Error Message" library="collections">
<arg>${BLANK_CREDENTIALS_USER.ExpectedErrorMessage}</arg>
<kw name="Verify Error Message" library="sign-in">
<arg>${ExpectedErrorMessage}</arg>
<kw name="Page Should Contain" library="SeleniumLibrary">
<arg>${ExpectedErrorMessage}</arg>
<doc>Verifies that current page contains ``text``.</doc>
<msg timestamp="20211229 16:19:29.953" level="INFO">Current page contains text 'We were unable to sign you in.'.</msg>
<status status="PASS" starttime="20211229 16:19:29.928" endtime="20211229 16:19:29.954"/>
</kw>
<status status="PASS" starttime="20211229 16:19:29.927" endtime="20211229 16:19:29.954"/>
</kw>
<status status="PASS" starttime="20211229 16:19:29.927" endtime="20211229 16:19:29.954"/>
</kw>
<kw name="Sleep" library="BuiltIn">
<arg>3s</arg>
<doc>Pauses the test executed for the given time.</doc>
<msg timestamp="20211229 16:19:32.967" level="INFO">Slept 3 seconds</msg>
<status status="PASS" starttime="20211229 16:19:29.954" endtime="20211229 16:19:32.967"/>
</kw>
<kw name="End Web Test" library="common" type="TEARDOWN">
<kw name="Close All Browsers" library="SeleniumLibrary">
<doc>Closes all open browsers and resets the browser cache.</doc>
<status status="PASS" starttime="20211229 16:19:32.968" endtime="20211229 16:19:35.183"/>
</kw>
<status status="PASS" starttime="20211229 16:19:32.968" endtime="20211229 16:19:35.183"/>
</kw>
<tag>Collections</tag>
<status status="PASS" starttime="20211229 16:19:22.872" endtime="20211229 16:19:35.184"/>
</test>
<test id="s1-t4" name="Should show error message with different invalid credentials">
<kw name="Begin Web Test" library="common" type="SETUP">
<kw name="Open Browser" library="SeleniumLibrary">
<arg>about:blank</arg>
<arg>${BROWSER}</arg>
<doc>Opens a new browser instance to the optional ``url``.</doc>
<msg timestamp="20211229 16:19:35.187" level="INFO">Opening browser 'chrome' to base url 'about:blank'.</msg>
<status status="PASS" starttime="20211229 16:19:35.187" endtime="20211229 16:19:36.463"/>
</kw>
<kw name="Maximize Browser Window" library="SeleniumLibrary">
<doc>Maximizes current browser window.</doc>
<status status="PASS" starttime="20211229 16:19:36.463" endtime="20211229 16:19:36.583"/>
</kw>
<status status="PASS" starttime="20211229 16:19:35.186" endtime="20211229 16:19:36.583"/>
</kw>
<kw name="Get Length" library="BuiltIn">
<var>${cred_list_len}</var>
<arg>${ATTEMPT_DATA}</arg>
<doc>Returns and logs the length of the given item as an integer.</doc>
<msg timestamp="20211229 16:19:36.584" level="INFO">Length is 3</msg>
<msg timestamp="20211229 16:19:36.584" level="INFO">${cred_list_len} = 3</msg>
<status status="PASS" starttime="20211229 16:19:36.584" endtime="20211229 16:19:36.584"/>
</kw>
<for flavor="IN">
<var>${idx}</var>
<value>0</value>
<value>${cred_list_len-1}</value>
<iter>
<var name="${idx}">0</var>
<kw name="Get From List" library="Collections">
<var>${cred_dict}</var>
<arg>${ATTEMPT_DATA}</arg>
<arg>${idx}</arg>
<doc>Returns the value specified with an ``index`` from ``list``.</doc>
<msg timestamp="20211229 16:19:36.585" level="INFO">${cred_dict} = {'Email': 'admin@robotframeworktutorial.com', 'Password': 'AdminPassword!', 'ExpectedErrorMessage': 'We were unable to sign you in.'}</msg>
<status status="PASS" starttime="20211229 16:19:36.585" endtime="20211229 16:19:36.585"/>
</kw>
<kw name="Navigate to Sign In Page" library="collections">
<kw name="Navigate To" library="sign-in">
<kw name="Catenate" library="BuiltIn">
<var>${SignInUrl}</var>
<arg>SEPARATOR=/</arg>
<arg>${BASE_URL.${ENVIRONMENT}}</arg>
<arg>${LOGIN_URL}</arg>
<doc>Catenates the given items together and returns the resulted string.</doc>
<msg timestamp="20211229 16:19:36.586" level="INFO">${SignInUrl} = https://www.cars.com//signin</msg>
<status status="PASS" starttime="20211229 16:19:36.585" endtime="20211229 16:19:36.586"/>
</kw>
<kw name="Go To" library="SeleniumLibrary">
<arg>${SignInUrl}</arg>
<doc>Navigates the current browser window to the provided ``url``.</doc>
<msg timestamp="20211229 16:19:36.586" level="INFO">Opening url 'https://www.cars.com//signin'</msg>
<status status="PASS" starttime="20211229 16:19:36.586" endtime="20211229 16:19:39.310"/>
</kw>
<status status="PASS" starttime="20211229 16:19:36.585" endtime="20211229 16:19:39.311"/>
</kw>
<status status="PASS" starttime="20211229 16:19:36.585" endtime="20211229 16:19:39.311"/>
</kw>
<kw name="Attempt Login" library="collections">
<arg>${cred_dict}</arg>
<kw name="Enter Credentials" library="sign-in">
<arg>${Credentials}</arg>
<kw name="Run Keyword Unless" library="BuiltIn">
<arg>'${Credentials.Email}' == '#BLANK'</arg>
<arg>Input Text</arg>
<arg>${SIGN_IN_EMAIL}</arg>
<arg>${Credentials.Email}</arg>
<doc>Runs the given keyword with the given arguments if ``condition`` is false.</doc>
<kw name="Input Text" library="SeleniumLibrary">
<arg>${SIGN_IN_EMAIL}</arg>
<arg>${Credentials.Email}</arg>
<doc>Types the given ``text`` into the text field identified by ``locator``.</doc>
<msg timestamp="20211229 16:19:39.313" level="INFO">Typing text 'admin@robotframeworktutorial.com' into text field 'xpath=//input[@id='email']'.</msg>
<status status="PASS" starttime="20211229 16:19:39.313" endtime="20211229 16:19:39.451"/>
</kw>
<status status="PASS" starttime="20211229 16:19:39.312" endtime="20211229 16:19:39.451"/>
</kw>
<kw name="Run Keyword Unless" library="BuiltIn">
<arg>'${Credentials.Password}' == '#BLANK'</arg>
<arg>Input Text</arg>
<arg>${SIGN_IN_PASSWORD}</arg>
<arg>${Credentials.Password}</arg>
<doc>Runs the given keyword with the given arguments if ``condition`` is false.</doc>
<kw name="Input Text" library="SeleniumLibrary">
<arg>${SIGN_IN_PASSWORD}</arg>
<arg>${Credentials.Password}</arg>
<doc>Types the given ``text`` into the text field identified by ``locator``.</doc>
<msg timestamp="20211229 16:19:39.454" level="INFO">Typing text 'AdminPassword!' into text field 'xpath=//input[@id='password']'.</msg>
<status status="PASS" starttime="20211229 16:19:39.453" endtime="20211229 16:19:39.628"/>
</kw>
<status status="PASS" starttime="20211229 16:19:39.451" endtime="20211229 16:19:39.628"/>
</kw>
<status status="PASS" starttime="20211229 16:19:39.312" endtime="20211229 16:19:39.629"/>
</kw>
<kw name="Click Submit" library="sign-in">
<kw name="Click Button" library="SeleniumLibrary">
<arg>${LOGIN_SUBMIT_BUTTON}</arg>
<doc>Clicks the button identified by ``locator``.</doc>
<msg timestamp="20211229 16:19:39.630" level="INFO">Clicking button 'xpath=//button[@type='submit']'.</msg>
<status status="PASS" starttime="20211229 16:19:39.629" endtime="20211229 16:19:42.051"/>
</kw>
<status status="PASS" starttime="20211229 16:19:39.629" endtime="20211229 16:19:42.051"/>
</kw>
<kw name="Sleep" library="BuiltIn">
<arg>1s</arg>
<doc>Pauses the test executed for the given time.</doc>
<msg timestamp="20211229 16:19:43.066" level="INFO">Slept 1 second</msg>
<status status="PASS" starttime="20211229 16:19:42.051" endtime="20211229 16:19:43.066"/>
</kw>
<status status="PASS" starttime="20211229 16:19:39.311" endtime="20211229 16:19:43.066"/>
</kw>
<kw name="Verify Login Page Error Message" library="collections">
<arg>${cred_dict.ExpectedErrorMessage}</arg>
<kw name="Verify Error Message" library="sign-in">
<arg>${ExpectedErrorMessage}</arg>
<kw name="Page Should Contain" library="SeleniumLibrary">
<arg>${ExpectedErrorMessage}</arg>
<doc>Verifies that current page contains ``text``.</doc>
<msg timestamp="20211229 16:19:43.088" level="INFO">Current page contains text 'We were unable to sign you in.'.</msg>
<status status="PASS" starttime="20211229 16:19:43.068" endtime="20211229 16:19:43.088"/>
</kw>
<status status="PASS" starttime="20211229 16:19:43.068" endtime="20211229 16:19:43.088"/>
</kw>
<status status="PASS" starttime="20211229 16:19:43.066" endtime="20211229 16:19:43.088"/>
</kw>
<kw name="Sleep" library="BuiltIn">
<arg>2s</arg>
<doc>Pauses the test executed for the given time.</doc>
<msg timestamp="20211229 16:19:45.098" level="INFO">Slept 2 seconds</msg>
<status status="PASS" starttime="20211229 16:19:43.089" endtime="20211229 16:19:45.098"/>
</kw>
<status status="PASS" starttime="20211229 16:19:36.585" endtime="20211229 16:19:45.098"/>
</iter>
<iter>
<var name="${idx}">2</var>
<kw name="Get From List" library="Collections">
<var>${cred_dict}</var>
<arg>${ATTEMPT_DATA}</arg>
<arg>${idx}</arg>
<doc>Returns the value specified with an ``index`` from ``list``.</doc>
<msg timestamp="20211229 16:19:45.098" level="INFO">${cred_dict} = {'Email': '#BLANK', 'Password': '#BLANK', 'ExpectedErrorMessage': 'We were unable to sign you in.'}</msg>
<status status="PASS" starttime="20211229 16:19:45.098" endtime="20211229 16:19:45.099"/>
</kw>
<kw name="Navigate to Sign In Page" library="collections">
<kw name="Navigate To" library="sign-in">
<kw name="Catenate" library="BuiltIn">
<var>${SignInUrl}</var>
<arg>SEPARATOR=/</arg>
<arg>${BASE_URL.${ENVIRONMENT}}</arg>
<arg>${LOGIN_URL}</arg>
<doc>Catenates the given items together and returns the resulted string.</doc>
<msg timestamp="20211229 16:19:45.100" level="INFO">${SignInUrl} = https://www.cars.com//signin</msg>
<status status="PASS" starttime="20211229 16:19:45.099" endtime="20211229 16:19:45.100"/>
</kw>
<kw name="Go To" library="SeleniumLibrary">
<arg>${SignInUrl}</arg>
<doc>Navigates the current browser window to the provided ``url``.</doc>
<msg timestamp="20211229 16:19:45.100" level="INFO">Opening url 'https://www.cars.com//signin'</msg>
<status status="PASS" starttime="20211229 16:19:45.100" endtime="20211229 16:19:46.020"/>
</kw>
<status status="PASS" starttime="20211229 16:19:45.099" endtime="20211229 16:19:46.020"/>
</kw>
<status status="PASS" starttime="20211229 16:19:45.099" endtime="20211229 16:19:46.020"/>
</kw>
<kw name="Attempt Login" library="collections">
<arg>${cred_dict}</arg>
<kw name="Enter Credentials" library="sign-in">
<arg>${Credentials}</arg>
<kw name="Run Keyword Unless" library="BuiltIn">
<arg>'${Credentials.Email}' == '#BLANK'</arg>
<arg>Input Text</arg>
<arg>${SIGN_IN_EMAIL}</arg>
<arg>${Credentials.Email}</arg>
<doc>Runs the given keyword with the given arguments if ``condition`` is false.</doc>
<status status="PASS" starttime="20211229 16:19:46.021" endtime="20211229 16:19:46.022"/>
</kw>
<kw name="Run Keyword Unless" library="BuiltIn">
<arg>'${Credentials.Password}' == '#BLANK'</arg>
<arg>Input Text</arg>
<arg>${SIGN_IN_PASSWORD}</arg>
<arg>${Credentials.Password}</arg>
<doc>Runs the given keyword with the given arguments if ``condition`` is false.</doc>
<status status="PASS" starttime="20211229 16:19:46.022" endtime="20211229 16:19:46.023"/>
</kw>
<status status="PASS" starttime="20211229 16:19:46.021" endtime="20211229 16:19:46.023"/>
</kw>
<kw name="Click Submit" library="sign-in">
<kw name="Click Button" library="SeleniumLibrary">
<arg>${LOGIN_SUBMIT_BUTTON}</arg>
<doc>Clicks the button identified by ``locator``.</doc>
<msg timestamp="20211229 16:19:46.024" level="INFO">Clicking button 'xpath=//button[@type='submit']'.</msg>
<status status="PASS" starttime="20211229 16:19:46.023" endtime="20211229 16:19:47.868"/>
</kw>
<status status="PASS" starttime="20211229 16:19:46.023" endtime="20211229 16:19:47.868"/>
</kw>
<kw name="Sleep" library="BuiltIn">
<arg>1s</arg>
<doc>Pauses the test executed for the given time.</doc>
<msg timestamp="20211229 16:19:48.870" level="INFO">Slept 1 second</msg>
<status status="PASS" starttime="20211229 16:19:47.868" endtime="20211229 16:19:48.870"/>
</kw>
<status status="PASS" starttime="20211229 16:19:46.021" endtime="20211229 16:19:48.870"/>
</kw>
<kw name="Verify Login Page Error Message" library="collections">
<arg>${cred_dict.ExpectedErrorMessage}</arg>
<kw name="Verify Error Message" library="sign-in">
<arg>${ExpectedErrorMessage}</arg>
<kw name="Page Should Contain" library="SeleniumLibrary">
<arg>${ExpectedErrorMessage}</arg>
<doc>Verifies that current page contains ``text``.</doc>
<msg timestamp="20211229 16:19:48.884" level="INFO">Current page contains text 'We were unable to sign you in.'.</msg>
<status status="PASS" starttime="20211229 16:19:48.871" endtime="20211229 16:19:48.884"/>
</kw>
<status status="PASS" starttime="20211229 16:19:48.871" endtime="20211229 16:19:48.884"/>
</kw>
<status status="PASS" starttime="20211229 16:19:48.870" endtime="20211229 16:19:48.884"/>
</kw>
<kw name="Sleep" library="BuiltIn">
<arg>2s</arg>
<doc>Pauses the test executed for the given time.</doc>
<msg timestamp="20211229 16:19:50.896" level="INFO">Slept 2 seconds</msg>
<status status="PASS" starttime="20211229 16:19:48.884" endtime="20211229 16:19:50.896"/>
</kw>
<status status="PASS" starttime="20211229 16:19:45.098" endtime="20211229 16:19:50.896"/>
</iter>
<status status="PASS" starttime="20211229 16:19:36.584" endtime="20211229 16:19:50.896"/>
</for>
<kw name="End Web Test" library="common" type="TEARDOWN">
<kw name="Close All Browsers" library="SeleniumLibrary">
<doc>Closes all open browsers and resets the browser cache.</doc>
<status status="PASS" starttime="20211229 16:19:50.897" endtime="20211229 16:19:53.080"/>
</kw>
<status status="PASS" starttime="20211229 16:19:50.897" endtime="20211229 16:19:53.081"/>
</kw>
<tag>Collections</tag>
<status status="PASS" starttime="20211229 16:19:35.186" endtime="20211229 16:19:53.082"/>
</test>
<test id="s1-t5" name="Should show error message with different invalid credentials as test case template">
<kw name="Begin Web Test" library="common" type="SETUP">
<kw name="Open Browser" library="SeleniumLibrary">
<arg>about:blank</arg>
<arg>${BROWSER}</arg>
<doc>Opens a new browser instance to the optional ``url``.</doc>
<msg timestamp="20211229 16:19:53.085" level="INFO">Opening browser 'chrome' to base url 'about:blank'.</msg>
<status status="PASS" starttime="20211229 16:19:53.085" endtime="20211229 16:19:54.352"/>
</kw>
<kw name="Maximize Browser Window" library="SeleniumLibrary">
<doc>Maximizes current browser window.</doc>
<status status="PASS" starttime="20211229 16:19:54.352" endtime="20211229 16:19:54.467"/>
</kw>
<status status="PASS" starttime="20211229 16:19:53.085" endtime="20211229 16:19:54.467"/>
</kw>
<kw name="Test Multiple Login Scenarios" library="collections">
<arg>${UNREGISTERED_USER}</arg>
<kw name="Navigate to Sign In Page" library="collections">
<kw name="Navigate To" library="sign-in">
<kw name="Catenate" library="BuiltIn">
<var>${SignInUrl}</var>
<arg>SEPARATOR=/</arg>
<arg>${BASE_URL.${ENVIRONMENT}}</arg>
<arg>${LOGIN_URL}</arg>
<doc>Catenates the given items together and returns the resulted string.</doc>
<msg timestamp="20211229 16:19:54.469" level="INFO">${SignInUrl} = https://www.cars.com//signin</msg>
<status status="PASS" starttime="20211229 16:19:54.468" endtime="20211229 16:19:54.469"/>
</kw>
<kw name="Go To" library="SeleniumLibrary">
<arg>${SignInUrl}</arg>
<doc>Navigates the current browser window to the provided ``url``.</doc>
<msg timestamp="20211229 16:19:54.469" level="INFO">Opening url 'https://www.cars.com//signin'</msg>
<status status="PASS" starttime="20211229 16:19:54.469" endtime="20211229 16:19:58.243"/>
</kw>
<status status="PASS" starttime="20211229 16:19:54.468" endtime="20211229 16:19:58.243"/>
</kw>
<status status="PASS" starttime="20211229 16:19:54.468" endtime="20211229 16:19:58.244"/>
</kw>
<kw name="Attempt Login" library="collections">
<arg>${Credentials}</arg>
<kw name="Enter Credentials" library="sign-in">
<arg>${Credentials}</arg>
<kw name="Run Keyword Unless" library="BuiltIn">
<arg>'${Credentials.Email}' == '#BLANK'</arg>
<arg>Input Text</arg>
<arg>${SIGN_IN_EMAIL}</arg>
<arg>${Credentials.Email}</arg>
<doc>Runs the given keyword with the given arguments if ``condition`` is false.</doc>
<kw name="Input Text" library="SeleniumLibrary">
<arg>${SIGN_IN_EMAIL}</arg>
<arg>${Credentials.Email}</arg>
<doc>Types the given ``text`` into the text field identified by ``locator``.</doc>
<msg timestamp="20211229 16:19:58.246" level="INFO">Typing text 'admin@robotframeworktutorial.com' into text field 'xpath=//input[@id='email']'.</msg>
<status status="PASS" starttime="20211229 16:19:58.245" endtime="20211229 16:19:58.350"/>
</kw>
<status status="PASS" starttime="20211229 16:19:58.244" endtime="20211229 16:19:58.350"/>
</kw>
<kw name="Run Keyword Unless" library="BuiltIn">
<arg>'${Credentials.Password}' == '#BLANK'</arg>
<arg>Input Text</arg>
<arg>${SIGN_IN_PASSWORD}</arg>
<arg>${Credentials.Password}</arg>
<doc>Runs the given keyword with the given arguments if ``condition`` is false.</doc>
<kw name="Input Text" library="SeleniumLibrary">
<arg>${SIGN_IN_PASSWORD}</arg>
<arg>${Credentials.Password}</arg>
<doc>Types the given ``text`` into the text field identified by ``locator``.</doc>
<msg timestamp="20211229 16:19:58.353" level="INFO">Typing text 'AdminPassword!' into text field 'xpath=//input[@id='password']'.</msg>
<status status="PASS" starttime="20211229 16:19:58.351" endtime="20211229 16:19:58.478"/>
</kw>
<status status="PASS" starttime="20211229 16:19:58.350" endtime="20211229 16:19:58.478"/>
</kw>
<status status="PASS" starttime="20211229 16:19:58.244" endtime="20211229 16:19:58.479"/>
</kw>
<kw name="Click Submit" library="sign-in">
<kw name="Click Button" library="SeleniumLibrary">
<arg>${LOGIN_SUBMIT_BUTTON}</arg>
<doc>Clicks the button identified by ``locator``.</doc>
<msg timestamp="20211229 16:19:58.480" level="INFO">Clicking button 'xpath=//button[@type='submit']'.</msg>
<status status="PASS" starttime="20211229 16:19:58.479" endtime="20211229 16:20:01.112"/>
</kw>
<status status="PASS" starttime="20211229 16:19:58.479" endtime="20211229 16:20:01.112"/>
</kw>
<kw name="Sleep" library="BuiltIn">
<arg>1s</arg>
<doc>Pauses the test executed for the given time.</doc>
<msg timestamp="20211229 16:20:02.122" level="INFO">Slept 1 second</msg>
<status status="PASS" starttime="20211229 16:20:01.112" endtime="20211229 16:20:02.122"/>
</kw>
<status status="PASS" starttime="20211229 16:19:58.244" endtime="20211229 16:20:02.122"/>
</kw>
<kw name="Verify Login Page Error Message" library="collections">
<arg>${Credentials.ExpectedErrorMessage}</arg>
<kw name="Verify Error Message" library="sign-in">
<arg>${ExpectedErrorMessage}</arg>
<kw name="Page Should Contain" library="SeleniumLibrary">
<arg>${ExpectedErrorMessage}</arg>
<doc>Verifies that current page contains ``text``.</doc>
<msg timestamp="20211229 16:20:02.161" level="INFO">Current page contains text 'We were unable to sign you in.'.</msg>
<status status="PASS" starttime="20211229 16:20:02.124" endtime="20211229 16:20:02.161"/>
</kw>
<status status="PASS" starttime="20211229 16:20:02.123" endtime="20211229 16:20:02.161"/>
</kw>
<status status="PASS" starttime="20211229 16:20:02.122" endtime="20211229 16:20:02.161"/>
</kw>
<status status="PASS" starttime="20211229 16:19:54.467" endtime="20211229 16:20:02.162"/>
</kw>
<kw name="Test Multiple Login Scenarios" library="collections">
<arg>${INVALID_PASSWORD_USER}</arg>
<kw name="Navigate to Sign In Page" library="collections">
<kw name="Navigate To" library="sign-in">
<kw name="Catenate" library="BuiltIn">
<var>${SignInUrl}</var>
<arg>SEPARATOR=/</arg>
<arg>${BASE_URL.${ENVIRONMENT}}</arg>
<arg>${LOGIN_URL}</arg>
<doc>Catenates the given items together and returns the resulted string.</doc>
<msg timestamp="20211229 16:20:02.165" level="INFO">${SignInUrl} = https://www.cars.com//signin</msg>
<status status="PASS" starttime="20211229 16:20:02.163" endtime="20211229 16:20:02.165"/>
</kw>
<kw name="Go To" library="SeleniumLibrary">
<arg>${SignInUrl}</arg>
<doc>Navigates the current browser window to the provided ``url``.</doc>
<msg timestamp="20211229 16:20:02.165" level="INFO">Opening url 'https://www.cars.com//signin'</msg>
<status status="PASS" starttime="20211229 16:20:02.165" endtime="20211229 16:20:03.245"/>
</kw>
<status status="PASS" starttime="20211229 16:20:02.163" endtime="20211229 16:20:03.245"/>
</kw>
<status status="PASS" starttime="20211229 16:20:02.162" endtime="20211229 16:20:03.246"/>
</kw>
<kw name="Attempt Login" library="collections">
<arg>${Credentials}</arg>
<kw name="Enter Credentials" library="sign-in">
<arg>${Credentials}</arg>
<kw name="Run Keyword Unless" library="BuiltIn">
<arg>'${Credentials.Email}' == '#BLANK'</arg>
<arg>Input Text</arg>
<arg>${SIGN_IN_EMAIL}</arg>
<arg>${Credentials.Email}</arg>
<doc>Runs the given keyword with the given arguments if ``condition`` is false.</doc>
<kw name="Input Text" library="SeleniumLibrary">
<arg>${SIGN_IN_EMAIL}</arg>
<arg>${Credentials.Email}</arg>
<doc>Types the given ``text`` into the text field identified by ``locator``.</doc>
<msg timestamp="20211229 16:20:03.250" level="INFO">Typing text 'test@gmail.com' into text field 'xpath=//input[@id='email']'.</msg>
<status status="PASS" starttime="20211229 16:20:03.249" endtime="20211229 16:20:03.699"/>
</kw>
<status status="PASS" starttime="20211229 16:20:03.247" endtime="20211229 16:20:03.699"/>
</kw>
<kw name="Run Keyword Unless" library="BuiltIn">
<arg>'${Credentials.Password}' == '#BLANK'</arg>
<arg>Input Text</arg>
<arg>${SIGN_IN_PASSWORD}</arg>
<arg>${Credentials.Password}</arg>
<doc>Runs the given keyword with the given arguments if ``condition`` is false.</doc>
<kw name="Input Text" library="SeleniumLibrary">
<arg>${SIGN_IN_PASSWORD}</arg>
<arg>${Credentials.Password}</arg>
<doc>Types the given ``text`` into the text field identified by ``locator``.</doc>
<msg timestamp="20211229 16:20:03.702" level="INFO">Typing text 'TestPassword!' into text field 'xpath=//input[@id='password']'.</msg>
<status status="PASS" starttime="20211229 16:20:03.700" endtime="20211229 16:20:03.817"/>
</kw>
<status status="PASS" starttime="20211229 16:20:03.699" endtime="20211229 16:20:03.817"/>
</kw>
<status status="PASS" starttime="20211229 16:20:03.247" endtime="20211229 16:20:03.817"/>
</kw>
<kw name="Click Submit" library="sign-in">
<kw name="Click Button" library="SeleniumLibrary">
<arg>${LOGIN_SUBMIT_BUTTON}</arg>
<doc>Clicks the button identified by ``locator``.</doc>
<msg timestamp="20211229 16:20:03.818" level="INFO">Clicking button 'xpath=//button[@type='submit']'.</msg>
<status status="PASS" starttime="20211229 16:20:03.817" endtime="20211229 16:20:03.956"/>
</kw>
<status status="PASS" starttime="20211229 16:20:03.817" endtime="20211229 16:20:03.956"/>
</kw>
<kw name="Sleep" library="BuiltIn">
<arg>1s</arg>
<doc>Pauses the test executed for the given time.</doc>
<msg timestamp="20211229 16:20:04.969" level="INFO">Slept 1 second</msg>
<status status="PASS" starttime="20211229 16:20:03.957" endtime="20211229 16:20:04.969"/>
</kw>
<status status="PASS" starttime="20211229 16:20:03.246" endtime="20211229 16:20:04.970"/>
</kw>
<kw name="Verify Login Page Error Message" library="collections">
<arg>${Credentials.ExpectedErrorMessage}</arg>
<kw name="Verify Error Message" library="sign-in">
<arg>${ExpectedErrorMessage}</arg>
<kw name="Page Should Contain" library="SeleniumLibrary">
<arg>${ExpectedErrorMessage}</arg>
<doc>Verifies that current page contains ``text``.</doc>
<msg timestamp="20211229 16:20:05.846" level="INFO">Current page contains text 'We were unable to sign you in.'.</msg>
<status status="PASS" starttime="20211229 16:20:04.973" endtime="20211229 16:20:05.846"/>
</kw>
<status status="PASS" starttime="20211229 16:20:04.972" endtime="20211229 16:20:05.847"/>
</kw>
<status status="PASS" starttime="20211229 16:20:04.970" endtime="20211229 16:20:05.847"/>
</kw>
<status status="PASS" starttime="20211229 16:20:02.162" endtime="20211229 16:20:05.847"/>
</kw>
<kw name="Test Multiple Login Scenarios" library="collections">
<arg>${BLANK_CREDENTIALS_USER}</arg>
<kw name="Navigate to Sign In Page" library="collections">
<kw name="Navigate To" library="sign-in">
<kw name="Catenate" library="BuiltIn">
<var>${SignInUrl}</var>
<arg>SEPARATOR=/</arg>
<arg>${BASE_URL.${ENVIRONMENT}}</arg>
<arg>${LOGIN_URL}</arg>
<doc>Catenates the given items together and returns the resulted string.</doc>
<msg timestamp="20211229 16:20:05.849" level="INFO">${SignInUrl} = https://www.cars.com//signin</msg>
<status status="PASS" starttime="20211229 16:20:05.848" endtime="20211229 16:20:05.849"/>
</kw>
<kw name="Go To" library="SeleniumLibrary">
<arg>${SignInUrl}</arg>
<doc>Navigates the current browser window to the provided ``url``.</doc>
<msg timestamp="20211229 16:20:05.850" level="INFO">Opening url 'https://www.cars.com//signin'</msg>
<status status="PASS" starttime="20211229 16:20:05.850" endtime="20211229 16:20:06.910"/>
</kw>
<status status="PASS" starttime="20211229 16:20:05.848" endtime="20211229 16:20:06.910"/>
</kw>
<status status="PASS" starttime="20211229 16:20:05.848" endtime="20211229 16:20:06.910"/>
</kw>
<kw name="Attempt Login" library="collections">
<arg>${Credentials}</arg>
<kw name="Enter Credentials" library="sign-in">
<arg>${Credentials}</arg>
<kw name="Run Keyword Unless" library="BuiltIn">
<arg>'${Credentials.Email}' == '#BLANK'</arg>
<arg>Input Text</arg>
<arg>${SIGN_IN_EMAIL}</arg>
<arg>${Credentials.Email}</arg>
<doc>Runs the given keyword with the given arguments if ``condition`` is false.</doc>
<status status="PASS" starttime="20211229 16:20:06.911" endtime="20211229 16:20:06.912"/>
</kw>
<kw name="Run Keyword Unless" library="BuiltIn">
<arg>'${Credentials.Password}' == '#BLANK'</arg>
<arg>Input Text</arg>
<arg>${SIGN_IN_PASSWORD}</arg>
<arg>${Credentials.Password}</arg>
<doc>Runs the given keyword with the given arguments if ``condition`` is false.</doc>
<status status="PASS" starttime="20211229 16:20:06.913" endtime="20211229 16:20:06.913"/>
</kw>
<status status="PASS" starttime="20211229 16:20:06.911" endtime="20211229 16:20:06.914"/>
</kw>
<kw name="Click Submit" library="sign-in">
<kw name="Click Button" library="SeleniumLibrary">
<arg>${LOGIN_SUBMIT_BUTTON}</arg>
<doc>Clicks the button identified by ``locator``.</doc>
<msg timestamp="20211229 16:20:06.915" level="INFO">Clicking button 'xpath=//button[@type='submit']'.</msg>
<status status="PASS" starttime="20211229 16:20:06.914" endtime="20211229 16:20:07.435"/>
</kw>
<status status="PASS" starttime="20211229 16:20:06.914" endtime="20211229 16:20:07.436"/>
</kw>
<kw name="Sleep" library="BuiltIn">
<arg>1s</arg>
<doc>Pauses the test executed for the given time.</doc>
<msg timestamp="20211229 16:20:08.438" level="INFO">Slept 1 second</msg>
<status status="PASS" starttime="20211229 16:20:07.436" endtime="20211229 16:20:08.438"/>
</kw>
<status status="PASS" starttime="20211229 16:20:06.910" endtime="20211229 16:20:08.438"/>
</kw>
<kw name="Verify Login Page Error Message" library="collections">
<arg>${Credentials.ExpectedErrorMessage}</arg>
<kw name="Verify Error Message" library="sign-in">
<arg>${ExpectedErrorMessage}</arg>
<kw name="Page Should Contain" library="SeleniumLibrary">
<arg>${ExpectedErrorMessage}</arg>
<doc>Verifies that current page contains ``text``.</doc>
<msg timestamp="20211229 16:20:08.780" level="INFO">Current page contains text 'We were unable to sign you in.'.</msg>
<status status="PASS" starttime="20211229 16:20:08.440" endtime="20211229 16:20:08.780"/>
</kw>
<status status="PASS" starttime="20211229 16:20:08.439" endtime="20211229 16:20:08.780"/>
</kw>
<status status="PASS" starttime="20211229 16:20:08.438" endtime="20211229 16:20:08.780"/>
</kw>
<status status="PASS" starttime="20211229 16:20:05.847" endtime="20211229 16:20:08.780"/>
</kw>
<kw name="End Web Test" library="common" type="TEARDOWN">
<kw name="Close All Browsers" library="SeleniumLibrary">
<doc>Closes all open browsers and resets the browser cache.</doc>
<status status="PASS" starttime="20211229 16:20:08.781" endtime="20211229 16:20:10.981"/>
</kw>
<status status="PASS" starttime="20211229 16:20:08.781" endtime="20211229 16:20:10.981"/>
</kw>
<status status="PASS" starttime="20211229 16:19:53.084" endtime="20211229 16:20:10.982"/>
</test>
<doc>These are some Collections tests demonstrating a need for data-driven testing</doc>
<status status="PASS" starttime="20211229 16:18:53.187" endtime="20211229 16:20:10.983"/>
</suite>
<statistics>
<total>
<stat pass="5" fail="0" skip="0">All Tests</stat>
</total>
<tag>
<stat pass="4" fail="0" skip="0">Collections</stat>
</tag>
<suite>
<stat pass="5" fail="0" skip="0" id="s1" name="Collections">Collections</stat>
</suite>
</statistics>
<errors>
</errors>
</robot>
