<?xml version="1.0" encoding="UTF-8"?>
<robot generator="Robot 4.1.2 (Python 3.10.0 on win32)" generated="20211217 14:51:05.274" rpa="false" schemaversion="2">
<suite id="s1" name="Collections" source="C:\Users\jagibson\Prog_Projects\technical_references\Robot\demo-scripts\Tests\collections.robot">
<test id="s1-t1" name="Unregistered user should see error message at login">
<kw name="Begin Web Test" library="common" type="SETUP">
<kw name="Open Browser" library="SeleniumLibrary">
<arg>about:blank</arg>
<arg>${BROWSER}</arg>
<doc>Opens a new browser instance to the optional ``url``.</doc>
<msg timestamp="20211217 14:51:05.484" level="INFO">Opening browser 'chrome' to base url 'about:blank'.</msg>
<status status="PASS" starttime="20211217 14:51:05.483" endtime="20211217 14:51:06.909"/>
</kw>
<kw name="Maximize Browser Window" library="SeleniumLibrary">
<doc>Maximizes current browser window.</doc>
<status status="PASS" starttime="20211217 14:51:06.910" endtime="20211217 14:51:07.029"/>
</kw>
<status status="PASS" starttime="20211217 14:51:05.483" endtime="20211217 14:51:07.029"/>
</kw>
<kw name="Navigate to Sign In Page" library="collections">
<kw name="Navigate To" library="sign-in">
<kw name="Catenate" library="BuiltIn">
<var>${SignInUrl}</var>
<arg>SEPARATOR=/</arg>
<arg>${BASE_URL.${ENVIRONMENT}}</arg>
<arg>${LOGIN_URL}</arg>
<doc>Catenates the given items together and returns the resulted string.</doc>
<msg timestamp="20211217 14:51:07.031" level="INFO">${SignInUrl} = https://www.cars.com///signin</msg>
<status status="PASS" starttime="20211217 14:51:07.030" endtime="20211217 14:51:07.031"/>
</kw>
<kw name="Go To" library="SeleniumLibrary">
<arg>${SignInUrl}</arg>
<doc>Navigates the current browser window to the provided ``url``.</doc>
<msg timestamp="20211217 14:51:07.031" level="INFO">Opening url 'https://www.cars.com///signin'</msg>
<status status="PASS" starttime="20211217 14:51:07.031" endtime="20211217 14:51:11.114"/>
</kw>
<status status="PASS" starttime="20211217 14:51:07.030" endtime="20211217 14:51:11.114"/>
</kw>
<status status="PASS" starttime="20211217 14:51:07.030" endtime="20211217 14:51:11.114"/>
</kw>
<kw name="Attempt Login" library="collections">
<arg>${UNREGISTERED_USER}</arg>
<kw name="Enter Credentials" library="sign-in">
<arg>${Credentials}</arg>
<kw name="Run Keyword Unless" library="BuiltIn">
<arg>'${Credentials.Email}' == '#BLANK'</arg>
<arg>Input Text</arg>
<arg>${SIGN_IN_EMAIL}</arg>
<arg>${Credentials.Email}</arg>
<doc>Runs the given keyword with the given arguments if ``condition`` is false.</doc>
<kw name="Input Text" library="SeleniumLibrary">
<arg>${SIGN_IN_EMAIL}</arg>
<arg>${Credentials.Email}</arg>
<doc>Types the given ``text`` into the text field identified by ``locator``.</doc>
<msg timestamp="20211217 14:51:11.116" level="INFO">Typing text 'admin@robotframeworktutorial.com' into text field 'xpath=//input[@id='email']'.</msg>
<status status="PASS" starttime="20211217 14:51:11.116" endtime="20211217 14:51:11.208"/>
</kw>
<status status="PASS" starttime="20211217 14:51:11.115" endtime="20211217 14:51:11.208"/>
</kw>
<kw name="Run Keyword Unless" library="BuiltIn">
<arg>'${Credentials.Password}' == '#BLANK'</arg>
<arg>Input Text</arg>
<arg>${SIGN_IN_PASSWORD}</arg>
<arg>${Credentials.Password}</arg>
<doc>Runs the given keyword with the given arguments if ``condition`` is false.</doc>
<kw name="Input Text" library="SeleniumLibrary">
<arg>${SIGN_IN_PASSWORD}</arg>
<arg>${Credentials.Password}</arg>
<doc>Types the given ``text`` into the text field identified by ``locator``.</doc>
<msg timestamp="20211217 14:51:11.210" level="INFO">Typing text 'AdminPassword!' into text field 'xpath=//input[@id='password']'.</msg>
<status status="PASS" starttime="20211217 14:51:11.209" endtime="20211217 14:51:11.292"/>
</kw>
<status status="PASS" starttime="20211217 14:51:11.208" endtime="20211217 14:51:11.292"/>
</kw>
<status status="PASS" starttime="20211217 14:51:11.115" endtime="20211217 14:51:11.292"/>
</kw>
<kw name="Click Submit" library="sign-in">
<kw name="Click Button" library="SeleniumLibrary">
<arg>${LOGIN_SUBMIT_BUTTON}</arg>
<doc>Clicks the button identified by ``locator``.</doc>
<msg timestamp="20211217 14:51:11.293" level="INFO">Clicking button 'xpath=//button[@type='submit']'.</msg>
<status status="PASS" starttime="20211217 14:51:11.293" endtime="20211217 14:51:13.386"/>
</kw>
<status status="PASS" starttime="20211217 14:51:11.292" endtime="20211217 14:51:13.386"/>
</kw>
<kw name="Sleep" library="BuiltIn">
<arg>1s</arg>
<doc>Pauses the test executed for the given time.</doc>
<msg timestamp="20211217 14:51:14.388" level="INFO">Slept 1 second</msg>
<status status="PASS" starttime="20211217 14:51:13.386" endtime="20211217 14:51:14.388"/>
</kw>
<status status="PASS" starttime="20211217 14:51:11.114" endtime="20211217 14:51:14.388"/>
</kw>
<kw name="Verify Login Page Error Message" library="collections">
<arg>${UNREGISTERED_USER.ExpectedErrorMessage}</arg>
<kw name="Verify Error Message" library="sign-in">
<arg>${ExpectedErrorMessage}</arg>
<kw name="Page Should Contain" library="SeleniumLibrary">
<arg>${ExpectedErrorMessage}</arg>
<doc>Verifies that current page contains ``text``.</doc>
<msg timestamp="20211217 14:51:14.403" level="INFO">Current page contains text 'We were unable to sign you in.'.</msg>
<status status="PASS" starttime="20211217 14:51:14.390" endtime="20211217 14:51:14.403"/>
</kw>
<status status="PASS" starttime="20211217 14:51:14.390" endtime="20211217 14:51:14.403"/>
</kw>
<status status="PASS" starttime="20211217 14:51:14.388" endtime="20211217 14:51:14.403"/>
</kw>
<kw name="Sleep" library="BuiltIn">
<arg>3s</arg>
<doc>Pauses the test executed for the given time.</doc>
<msg timestamp="20211217 14:51:17.417" level="INFO">Slept 3 seconds</msg>
<status status="PASS" starttime="20211217 14:51:14.403" endtime="20211217 14:51:17.417"/>
</kw>
<kw name="End Web Test" library="common" type="TEARDOWN">
<kw name="Close All Browsers" library="SeleniumLibrary">
<doc>Closes all open browsers and resets the browser cache.</doc>
<status status="PASS" starttime="20211217 14:51:17.418" endtime="20211217 14:51:19.581"/>
</kw>
<status status="PASS" starttime="20211217 14:51:17.417" endtime="20211217 14:51:19.581"/>
</kw>
<tag>Collections</tag>
<status status="PASS" starttime="20211217 14:51:05.482" endtime="20211217 14:51:19.581"/>
</test>
<test id="s1-t2" name="Login with invalid password should show error message">
<kw name="Begin Web Test" library="common" type="SETUP">
<kw name="Open Browser" library="SeleniumLibrary">
<arg>about:blank</arg>
<arg>${BROWSER}</arg>
<doc>Opens a new browser instance to the optional ``url``.</doc>
<msg timestamp="20211217 14:51:19.583" level="INFO">Opening browser 'chrome' to base url 'about:blank'.</msg>
<status status="PASS" starttime="20211217 14:51:19.583" endtime="20211217 14:51:20.829"/>
</kw>
<kw name="Maximize Browser Window" library="SeleniumLibrary">
<doc>Maximizes current browser window.</doc>
<status status="PASS" starttime="20211217 14:51:20.829" endtime="20211217 14:51:20.956"/>
</kw>
<status status="PASS" starttime="20211217 14:51:19.582" endtime="20211217 14:51:20.956"/>
</kw>
<kw name="Navigate to Sign In Page" library="collections">
<kw name="Navigate To" library="sign-in">
<kw name="Catenate" library="BuiltIn">
<var>${SignInUrl}</var>
<arg>SEPARATOR=/</arg>
<arg>${BASE_URL.${ENVIRONMENT}}</arg>
<arg>${LOGIN_URL}</arg>
<doc>Catenates the given items together and returns the resulted string.</doc>
<msg timestamp="20211217 14:51:20.958" level="INFO">${SignInUrl} = https://www.cars.com///signin</msg>
<status status="PASS" starttime="20211217 14:51:20.957" endtime="20211217 14:51:20.958"/>
</kw>
<kw name="Go To" library="SeleniumLibrary">
<arg>${SignInUrl}</arg>
<doc>Navigates the current browser window to the provided ``url``.</doc>
<msg timestamp="20211217 14:51:20.958" level="INFO">Opening url 'https://www.cars.com///signin'</msg>
<status status="PASS" starttime="20211217 14:51:20.958" endtime="20211217 14:51:24.327"/>
</kw>
<status status="PASS" starttime="20211217 14:51:20.957" endtime="20211217 14:51:24.327"/>
</kw>
<status status="PASS" starttime="20211217 14:51:20.957" endtime="20211217 14:51:24.327"/>
</kw>
<kw name="Attempt Login" library="collections">
<arg>${INVALID_PASSWORD_USER}</arg>
<kw name="Enter Credentials" library="sign-in">
<arg>${Credentials}</arg>
<kw name="Run Keyword Unless" library="BuiltIn">
<arg>'${Credentials.Email}' == '#BLANK'</arg>
<arg>Input Text</arg>
<arg>${SIGN_IN_EMAIL}</arg>
<arg>${Credentials.Email}</arg>
<doc>Runs the given keyword with the given arguments if ``condition`` is false.</doc>
<kw name="Input Text" library="SeleniumLibrary">
<arg>${SIGN_IN_EMAIL}</arg>
<arg>${Credentials.Email}</arg>
<doc>Types the given ``text`` into the text field identified by ``locator``.</doc>
<msg timestamp="20211217 14:51:24.330" level="INFO">Typing text 'test@gmail.com' into text field 'xpath=//input[@id='email']'.</msg>
<status status="PASS" starttime="20211217 14:51:24.329" endtime="20211217 14:51:24.409"/>
</kw>
<status status="PASS" starttime="20211217 14:51:24.328" endtime="20211217 14:51:24.410"/>
</kw>
<kw name="Run Keyword Unless" library="BuiltIn">
<arg>'${Credentials.Password}' == '#BLANK'</arg>
<arg>Input Text</arg>
<arg>${SIGN_IN_PASSWORD}</arg>
<arg>${Credentials.Password}</arg>
<doc>Runs the given keyword with the given arguments if ``condition`` is false.</doc>
<kw name="Input Text" library="SeleniumLibrary">
<arg>${SIGN_IN_PASSWORD}</arg>
<arg>${Credentials.Password}</arg>
<doc>Types the given ``text`` into the text field identified by ``locator``.</doc>
<msg timestamp="20211217 14:51:24.412" level="INFO">Typing text 'TestPassword!' into text field 'xpath=//input[@id='password']'.</msg>
<status status="PASS" starttime="20211217 14:51:24.411" endtime="20211217 14:51:24.571"/>
</kw>
<status status="PASS" starttime="20211217 14:51:24.410" endtime="20211217 14:51:24.571"/>
</kw>
<status status="PASS" starttime="20211217 14:51:24.328" endtime="20211217 14:51:24.571"/>
</kw>
<kw name="Click Submit" library="sign-in">
<kw name="Click Button" library="SeleniumLibrary">
<arg>${LOGIN_SUBMIT_BUTTON}</arg>
<doc>Clicks the button identified by ``locator``.</doc>
<msg timestamp="20211217 14:51:24.573" level="INFO">Clicking button 'xpath=//button[@type='submit']'.</msg>
<status status="PASS" starttime="20211217 14:51:24.572" endtime="20211217 14:51:27.210"/>
</kw>
<status status="PASS" starttime="20211217 14:51:24.572" endtime="20211217 14:51:27.210"/>
</kw>
<kw name="Sleep" library="BuiltIn">
<arg>1s</arg>
<doc>Pauses the test executed for the given time.</doc>
<msg timestamp="20211217 14:51:28.215" level="INFO">Slept 1 second</msg>
<status status="PASS" starttime="20211217 14:51:27.210" endtime="20211217 14:51:28.215"/>
</kw>
<status status="PASS" starttime="20211217 14:51:24.328" endtime="20211217 14:51:28.215"/>
</kw>
<kw name="Verify Login Page Error Message" library="collections">
<arg>${INVALID_PASSWORD_USER.ExpectedErrorMessage}</arg>
<kw name="Verify Error Message" library="sign-in">
<arg>${ExpectedErrorMessage}</arg>
<kw name="Page Should Contain" library="SeleniumLibrary">
<arg>${ExpectedErrorMessage}</arg>
<doc>Verifies that current page contains ``text``.</doc>
<msg timestamp="20211217 14:51:28.238" level="INFO">Current page contains text 'We were unable to sign you in.'.</msg>
<status status="PASS" starttime="20211217 14:51:28.217" endtime="20211217 14:51:28.239"/>
</kw>
<status status="PASS" starttime="20211217 14:51:28.216" endtime="20211217 14:51:28.239"/>
</kw>
<status status="PASS" starttime="20211217 14:51:28.215" endtime="20211217 14:51:28.239"/>
</kw>
<kw name="Sleep" library="BuiltIn">
<arg>3s</arg>
<doc>Pauses the test executed for the given time.</doc>
<msg timestamp="20211217 14:51:31.242" level="INFO">Slept 3 seconds</msg>
<status status="PASS" starttime="20211217 14:51:28.239" endtime="20211217 14:51:31.242"/>
</kw>
<kw name="End Web Test" library="common" type="TEARDOWN">
<kw name="Close All Browsers" library="SeleniumLibrary">
<doc>Closes all open browsers and resets the browser cache.</doc>
<status status="PASS" starttime="20211217 14:51:31.243" endtime="20211217 14:51:33.526"/>
</kw>
<status status="PASS" starttime="20211217 14:51:31.243" endtime="20211217 14:51:33.526"/>
</kw>
<tag>Collections</tag>
<status status="PASS" starttime="20211217 14:51:19.582" endtime="20211217 14:51:33.527"/>
</test>
<test id="s1-t3" name="Login with blank email and password should show error message">
<kw name="Begin Web Test" library="common" type="SETUP">
<kw name="Open Browser" library="SeleniumLibrary">
<arg>about:blank</arg>
<arg>${BROWSER}</arg>
<doc>Opens a new browser instance to the optional ``url``.</doc>
<msg timestamp="20211217 14:51:33.529" level="INFO">Opening browser 'chrome' to base url 'about:blank'.</msg>
<status status="PASS" starttime="20211217 14:51:33.528" endtime="20211217 14:51:35.138"/>
</kw>
<kw name="Maximize Browser Window" library="SeleniumLibrary">
<doc>Maximizes current browser window.</doc>
<status status="PASS" starttime="20211217 14:51:35.138" endtime="20211217 14:51:35.266"/>
</kw>
<status status="PASS" starttime="20211217 14:51:33.528" endtime="20211217 14:51:35.266"/>
</kw>
<kw name="Navigate to Sign In Page" library="collections">
<kw name="Navigate To" library="sign-in">
<kw name="Catenate" library="BuiltIn">
<var>${SignInUrl}</var>
<arg>SEPARATOR=/</arg>
<arg>${BASE_URL.${ENVIRONMENT}}</arg>
<arg>${LOGIN_URL}</arg>
<doc>Catenates the given items together and returns the resulted string.</doc>
<msg timestamp="20211217 14:51:35.268" level="INFO">${SignInUrl} = https://www.cars.com///signin</msg>
<status status="PASS" starttime="20211217 14:51:35.267" endtime="20211217 14:51:35.269"/>
</kw>
<kw name="Go To" library="SeleniumLibrary">
<arg>${SignInUrl}</arg>
<doc>Navigates the current browser window to the provided ``url``.</doc>
<msg timestamp="20211217 14:51:35.269" level="INFO">Opening url 'https://www.cars.com///signin'</msg>
<status status="PASS" starttime="20211217 14:51:35.269" endtime="20211217 14:51:38.403"/>
</kw>
<status status="PASS" starttime="20211217 14:51:35.267" endtime="20211217 14:51:38.403"/>
</kw>
<status status="PASS" starttime="20211217 14:51:35.267" endtime="20211217 14:51:38.403"/>
</kw>
<kw name="Attempt Login" library="collections">
<arg>${BLANK_CREDENTIALS_USER}</arg>
<kw name="Enter Credentials" library="sign-in">
<arg>${Credentials}</arg>
<kw name="Run Keyword Unless" library="BuiltIn">
<arg>'${Credentials.Email}' == '#BLANK'</arg>
<arg>Input Text</arg>
<arg>${SIGN_IN_EMAIL}</arg>
<arg>${Credentials.Email}</arg>
<doc>Runs the given keyword with the given arguments if ``condition`` is false.</doc>
<status status="PASS" starttime="20211217 14:51:38.405" endtime="20211217 14:51:38.405"/>
</kw>
<kw name="Run Keyword Unless" library="BuiltIn">
<arg>'${Credentials.Password}' == '#BLANK'</arg>
<arg>Input Text</arg>
<arg>${SIGN_IN_PASSWORD}</arg>
<arg>${Credentials.Password}</arg>
<doc>Runs the given keyword with the given arguments if ``condition`` is false.</doc>
<status status="PASS" starttime="20211217 14:51:38.405" endtime="20211217 14:51:38.406"/>
</kw>
<status status="PASS" starttime="20211217 14:51:38.404" endtime="20211217 14:51:38.406"/>
</kw>
<kw name="Click Submit" library="sign-in">
<kw name="Click Button" library="SeleniumLibrary">
<arg>${LOGIN_SUBMIT_BUTTON}</arg>
<doc>Clicks the button identified by ``locator``.</doc>
<msg timestamp="20211217 14:51:38.407" level="INFO">Clicking button 'xpath=//button[@type='submit']'.</msg>
<status status="PASS" starttime="20211217 14:51:38.407" endtime="20211217 14:51:39.904"/>
</kw>
<status status="PASS" starttime="20211217 14:51:38.406" endtime="20211217 14:51:39.904"/>
</kw>
<kw name="Sleep" library="BuiltIn">
<arg>1s</arg>
<doc>Pauses the test executed for the given time.</doc>
<msg timestamp="20211217 14:51:40.916" level="INFO">Slept 1 second</msg>
<status status="PASS" starttime="20211217 14:51:39.904" endtime="20211217 14:51:40.916"/>
</kw>
<status status="PASS" starttime="20211217 14:51:38.404" endtime="20211217 14:51:40.916"/>
</kw>
<kw name="Verify Login Page Error Message" library="collections">
<arg>${BLANK_CREDENTIALS_USER.ExpectedErrorMessage}</arg>
<kw name="Verify Error Message" library="sign-in">
<arg>${ExpectedErrorMessage}</arg>
<kw name="Page Should Contain" library="SeleniumLibrary">
<arg>${ExpectedErrorMessage}</arg>
<doc>Verifies that current page contains ``text``.</doc>
<msg timestamp="20211217 14:51:40.950" level="INFO">Current page contains text 'We were unable to sign you in.'.</msg>
<status status="PASS" starttime="20211217 14:51:40.919" endtime="20211217 14:51:40.950"/>
</kw>
<status status="PASS" starttime="20211217 14:51:40.918" endtime="20211217 14:51:40.950"/>
</kw>
<status status="PASS" starttime="20211217 14:51:40.917" endtime="20211217 14:51:40.950"/>
</kw>
<kw name="Sleep" library="BuiltIn">
<arg>3s</arg>
<doc>Pauses the test executed for the given time.</doc>
<msg timestamp="20211217 14:51:43.964" level="INFO">Slept 3 seconds</msg>
<status status="PASS" starttime="20211217 14:51:40.951" endtime="20211217 14:51:43.964"/>
</kw>
<kw name="End Web Test" library="common" type="TEARDOWN">
<kw name="Close All Browsers" library="SeleniumLibrary">
<doc>Closes all open browsers and resets the browser cache.</doc>
<status status="PASS" starttime="20211217 14:51:43.965" endtime="20211217 14:51:46.165"/>
</kw>
<status status="PASS" starttime="20211217 14:51:43.965" endtime="20211217 14:51:46.165"/>
</kw>
<tag>Collections</tag>
<status status="PASS" starttime="20211217 14:51:33.527" endtime="20211217 14:51:46.166"/>
</test>
<test id="s1-t4" name="Should show error message with different invalid credentials">
<kw name="Begin Web Test" library="common" type="SETUP">
<kw name="Open Browser" library="SeleniumLibrary">
<arg>about:blank</arg>
<arg>${BROWSER}</arg>
<doc>Opens a new browser instance to the optional ``url``.</doc>
<msg timestamp="20211217 14:51:46.168" level="INFO">Opening browser 'chrome' to base url 'about:blank'.</msg>
<status status="PASS" starttime="20211217 14:51:46.168" endtime="20211217 14:51:47.717"/>
</kw>
<kw name="Maximize Browser Window" library="SeleniumLibrary">
<doc>Maximizes current browser window.</doc>
<status status="PASS" starttime="20211217 14:51:47.717" endtime="20211217 14:51:47.851"/>
</kw>
<status status="PASS" starttime="20211217 14:51:46.167" endtime="20211217 14:51:47.852"/>
</kw>
<kw name="Get Length" library="BuiltIn">
<var>${cred_list_len}</var>
<arg>${ATTEMPT_DATA}</arg>
<doc>Returns and logs the length of the given item as an integer.</doc>
<msg timestamp="20211217 14:51:47.853" level="INFO">Length is 3</msg>
<msg timestamp="20211217 14:51:47.853" level="INFO">${cred_list_len} = 3</msg>
<status status="PASS" starttime="20211217 14:51:47.852" endtime="20211217 14:51:47.853"/>
</kw>
<for flavor="IN">
<var>${idx}</var>
<value>0</value>
<value>${cred_list_len-1}</value>
<iter>
<var name="${idx}">0</var>
<kw name="Get From List" library="Collections">
<var>${cred_dict}</var>
<arg>${ATTEMPT_DATA}</arg>
<arg>${idx}</arg>
<doc>Returns the value specified with an ``index`` from ``list``.</doc>
<msg timestamp="20211217 14:51:47.854" level="INFO">${cred_dict} = {'Email': 'admin@robotframeworktutorial.com', 'Password': 'AdminPassword!', 'ExpectedErrorMessage': 'We were unable to sign you in.'}</msg>
<status status="PASS" starttime="20211217 14:51:47.854" endtime="20211217 14:51:47.854"/>
</kw>
<kw name="Navigate to Sign In Page" library="collections">
<kw name="Navigate To" library="sign-in">
<kw name="Catenate" library="BuiltIn">
<var>${SignInUrl}</var>
<arg>SEPARATOR=/</arg>
<arg>${BASE_URL.${ENVIRONMENT}}</arg>
<arg>${LOGIN_URL}</arg>
<doc>Catenates the given items together and returns the resulted string.</doc>
<msg timestamp="20211217 14:51:47.856" level="INFO">${SignInUrl} = https://www.cars.com///signin</msg>
<status status="PASS" starttime="20211217 14:51:47.855" endtime="20211217 14:51:47.856"/>
</kw>
<kw name="Go To" library="SeleniumLibrary">
<arg>${SignInUrl}</arg>
<doc>Navigates the current browser window to the provided ``url``.</doc>
<msg timestamp="20211217 14:51:47.857" level="INFO">Opening url 'https://www.cars.com///signin'</msg>
<status status="PASS" starttime="20211217 14:51:47.856" endtime="20211217 14:51:51.934"/>
</kw>
<status status="PASS" starttime="20211217 14:51:47.855" endtime="20211217 14:51:51.934"/>
</kw>
<status status="PASS" starttime="20211217 14:51:47.855" endtime="20211217 14:51:51.934"/>
</kw>
<kw name="Attempt Login" library="collections">
<arg>${cred_dict}</arg>
<kw name="Enter Credentials" library="sign-in">
<arg>${Credentials}</arg>
<kw name="Run Keyword Unless" library="BuiltIn">
<arg>'${Credentials.Email}' == '#BLANK'</arg>
<arg>Input Text</arg>
<arg>${SIGN_IN_EMAIL}</arg>
<arg>${Credentials.Email}</arg>
<doc>Runs the given keyword with the given arguments if ``condition`` is false.</doc>
<kw name="Input Text" library="SeleniumLibrary">
<arg>${SIGN_IN_EMAIL}</arg>
<arg>${Credentials.Email}</arg>
<doc>Types the given ``text`` into the text field identified by ``locator``.</doc>
<msg timestamp="20211217 14:51:51.936" level="INFO">Typing text 'admin@robotframeworktutorial.com' into text field 'xpath=//input[@id='email']'.</msg>
<status status="PASS" starttime="20211217 14:51:51.935" endtime="20211217 14:51:52.010"/>
</kw>
<status status="PASS" starttime="20211217 14:51:51.935" endtime="20211217 14:51:52.010"/>
</kw>
<kw name="Run Keyword Unless" library="BuiltIn">
<arg>'${Credentials.Password}' == '#BLANK'</arg>
<arg>Input Text</arg>
<arg>${SIGN_IN_PASSWORD}</arg>
<arg>${Credentials.Password}</arg>
<doc>Runs the given keyword with the given arguments if ``condition`` is false.</doc>
<kw name="Input Text" library="SeleniumLibrary">
<arg>${SIGN_IN_PASSWORD}</arg>
<arg>${Credentials.Password}</arg>
<doc>Types the given ``text`` into the text field identified by ``locator``.</doc>
<msg timestamp="20211217 14:51:52.012" level="INFO">Typing text 'AdminPassword!' into text field 'xpath=//input[@id='password']'.</msg>
<status status="PASS" starttime="20211217 14:51:52.012" endtime="20211217 14:51:52.121"/>
</kw>
<status status="PASS" starttime="20211217 14:51:52.011" endtime="20211217 14:51:52.122"/>
</kw>
<status status="PASS" starttime="20211217 14:51:51.934" endtime="20211217 14:51:52.122"/>
</kw>
<kw name="Click Submit" library="sign-in">
<kw name="Click Button" library="SeleniumLibrary">
<arg>${LOGIN_SUBMIT_BUTTON}</arg>
<doc>Clicks the button identified by ``locator``.</doc>
<msg timestamp="20211217 14:51:52.123" level="INFO">Clicking button 'xpath=//button[@type='submit']'.</msg>
<status status="PASS" starttime="20211217 14:51:52.122" endtime="20211217 14:51:55.219"/>
</kw>
<status status="PASS" starttime="20211217 14:51:52.122" endtime="20211217 14:51:55.219"/>
</kw>
<kw name="Sleep" library="BuiltIn">
<arg>1s</arg>
<doc>Pauses the test executed for the given time.</doc>
<msg timestamp="20211217 14:51:56.220" level="INFO">Slept 1 second</msg>
<status status="PASS" starttime="20211217 14:51:55.219" endtime="20211217 14:51:56.220"/>
</kw>
<status status="PASS" starttime="20211217 14:51:51.934" endtime="20211217 14:51:56.220"/>
</kw>
<kw name="Verify Login Page Error Message" library="collections">
<arg>${cred_dict.ExpectedErrorMessage}</arg>
<kw name="Verify Error Message" library="sign-in">
<arg>${ExpectedErrorMessage}</arg>
<kw name="Page Should Contain" library="SeleniumLibrary">
<arg>${ExpectedErrorMessage}</arg>
<doc>Verifies that current page contains ``text``.</doc>
<msg timestamp="20211217 14:51:56.238" level="INFO">Current page contains text 'We were unable to sign you in.'.</msg>
<status status="PASS" starttime="20211217 14:51:56.221" endtime="20211217 14:51:56.238"/>
</kw>
<status status="PASS" starttime="20211217 14:51:56.221" endtime="20211217 14:51:56.238"/>
</kw>
<status status="PASS" starttime="20211217 14:51:56.220" endtime="20211217 14:51:56.238"/>
</kw>
<kw name="Sleep" library="BuiltIn">
<arg>2s</arg>
<doc>Pauses the test executed for the given time.</doc>
<msg timestamp="20211217 14:51:58.252" level="INFO">Slept 2 seconds</msg>
<status status="PASS" starttime="20211217 14:51:56.238" endtime="20211217 14:51:58.252"/>
</kw>
<status status="PASS" starttime="20211217 14:51:47.854" endtime="20211217 14:51:58.252"/>
</iter>
<iter>
<var name="${idx}">2</var>
<kw name="Get From List" library="Collections">
<var>${cred_dict}</var>
<arg>${ATTEMPT_DATA}</arg>
<arg>${idx}</arg>
<doc>Returns the value specified with an ``index`` from ``list``.</doc>
<msg timestamp="20211217 14:51:58.253" level="INFO">${cred_dict} = {'Email': '#BLANK', 'Password': '#BLANK', 'ExpectedErrorMessage': 'We were unable to sign you in.'}</msg>
<status status="PASS" starttime="20211217 14:51:58.252" endtime="20211217 14:51:58.253"/>
</kw>
<kw name="Navigate to Sign In Page" library="collections">
<kw name="Navigate To" library="sign-in">
<kw name="Catenate" library="BuiltIn">
<var>${SignInUrl}</var>
<arg>SEPARATOR=/</arg>
<arg>${BASE_URL.${ENVIRONMENT}}</arg>
<arg>${LOGIN_URL}</arg>
<doc>Catenates the given items together and returns the resulted string.</doc>
<msg timestamp="20211217 14:51:58.255" level="INFO">${SignInUrl} = https://www.cars.com///signin</msg>
<status status="PASS" starttime="20211217 14:51:58.254" endtime="20211217 14:51:58.255"/>
</kw>
<kw name="Go To" library="SeleniumLibrary">
<arg>${SignInUrl}</arg>
<doc>Navigates the current browser window to the provided ``url``.</doc>
<msg timestamp="20211217 14:51:58.255" level="INFO">Opening url 'https://www.cars.com///signin'</msg>
<status status="PASS" starttime="20211217 14:51:58.255" endtime="20211217 14:52:00.025"/>
</kw>
<status status="PASS" starttime="20211217 14:51:58.253" endtime="20211217 14:52:00.026"/>
</kw>
<status status="PASS" starttime="20211217 14:51:58.253" endtime="20211217 14:52:00.026"/>
</kw>
<kw name="Attempt Login" library="collections">
<arg>${cred_dict}</arg>
<kw name="Enter Credentials" library="sign-in">
<arg>${Credentials}</arg>
<kw name="Run Keyword Unless" library="BuiltIn">
<arg>'${Credentials.Email}' == '#BLANK'</arg>
<arg>Input Text</arg>
<arg>${SIGN_IN_EMAIL}</arg>
<arg>${Credentials.Email}</arg>
<doc>Runs the given keyword with the given arguments if ``condition`` is false.</doc>
<status status="PASS" starttime="20211217 14:52:00.028" endtime="20211217 14:52:00.029"/>
</kw>
<kw name="Run Keyword Unless" library="BuiltIn">
<arg>'${Credentials.Password}' == '#BLANK'</arg>
<arg>Input Text</arg>
<arg>${SIGN_IN_PASSWORD}</arg>
<arg>${Credentials.Password}</arg>
<doc>Runs the given keyword with the given arguments if ``condition`` is false.</doc>
<status status="PASS" starttime="20211217 14:52:00.029" endtime="20211217 14:52:00.030"/>
</kw>
<status status="PASS" starttime="20211217 14:52:00.027" endtime="20211217 14:52:00.031"/>
</kw>
<kw name="Click Submit" library="sign-in">
<kw name="Click Button" library="SeleniumLibrary">
<arg>${LOGIN_SUBMIT_BUTTON}</arg>
<doc>Clicks the button identified by ``locator``.</doc>
<msg timestamp="20211217 14:52:00.033" level="INFO">Clicking button 'xpath=//button[@type='submit']'.</msg>
<status status="PASS" starttime="20211217 14:52:00.032" endtime="20211217 14:52:02.196"/>
</kw>
<status status="PASS" starttime="20211217 14:52:00.031" endtime="20211217 14:52:02.196"/>
</kw>
<kw name="Sleep" library="BuiltIn">
<arg>1s</arg>
<doc>Pauses the test executed for the given time.</doc>
<msg timestamp="20211217 14:52:03.197" level="INFO">Slept 1 second</msg>
<status status="PASS" starttime="20211217 14:52:02.196" endtime="20211217 14:52:03.197"/>
</kw>
<status status="PASS" starttime="20211217 14:52:00.026" endtime="20211217 14:52:03.197"/>
</kw>
<kw name="Verify Login Page Error Message" library="collections">
<arg>${cred_dict.ExpectedErrorMessage}</arg>
<kw name="Verify Error Message" library="sign-in">
<arg>${ExpectedErrorMessage}</arg>
<kw name="Page Should Contain" library="SeleniumLibrary">
<arg>${ExpectedErrorMessage}</arg>
<doc>Verifies that current page contains ``text``.</doc>
<msg timestamp="20211217 14:52:03.211" level="INFO">Current page contains text 'We were unable to sign you in.'.</msg>
<status status="PASS" starttime="20211217 14:52:03.198" endtime="20211217 14:52:03.211"/>
</kw>
<status status="PASS" starttime="20211217 14:52:03.198" endtime="20211217 14:52:03.211"/>
</kw>
<status status="PASS" starttime="20211217 14:52:03.197" endtime="20211217 14:52:03.212"/>
</kw>
<kw name="Sleep" library="BuiltIn">
<arg>2s</arg>
<doc>Pauses the test executed for the given time.</doc>
<msg timestamp="20211217 14:52:05.224" level="INFO">Slept 2 seconds</msg>
<status status="PASS" starttime="20211217 14:52:03.212" endtime="20211217 14:52:05.224"/>
</kw>
<status status="PASS" starttime="20211217 14:51:58.252" endtime="20211217 14:52:05.224"/>
</iter>
<status status="PASS" starttime="20211217 14:51:47.853" endtime="20211217 14:52:05.224"/>
</for>
<kw name="End Web Test" library="common" type="TEARDOWN">
<kw name="Close All Browsers" library="SeleniumLibrary">
<doc>Closes all open browsers and resets the browser cache.</doc>
<status status="PASS" starttime="20211217 14:52:05.225" endtime="20211217 14:52:07.383"/>
</kw>
<status status="PASS" starttime="20211217 14:52:05.225" endtime="20211217 14:52:07.383"/>
</kw>
<tag>Collections</tag>
<status status="PASS" starttime="20211217 14:51:46.167" endtime="20211217 14:52:07.384"/>
</test>
<doc>These are some Collections tests demonstrating a need for data-driven testing</doc>
<status status="PASS" starttime="20211217 14:51:05.276" endtime="20211217 14:52:07.385"/>
</suite>
<statistics>
<total>
<stat pass="4" fail="0" skip="0">All Tests</stat>
</total>
<tag>
<stat pass="4" fail="0" skip="0">Collections</stat>
</tag>
<suite>
<stat pass="4" fail="0" skip="0" id="s1" name="Collections">Collections</stat>
</suite>
</statistics>
<errors>
</errors>
</robot>
