<?xml version="1.0" encoding="UTF-8"?>
<robot generator="Robot 4.1.2 (Python 3.10.0 on win32)" generated="20211123 09:34:20.467" rpa="false" schemaversion="2">
<suite id="s1" name="Amazon" source="C:\Users\jagibson\Prog_Projects\technical_references\Python\Robot\demo-scripts\Tests\Amazon.robot">
<test id="s1-t1" name="User must sign in to checkout">
<kw name="Open Browser" library="SeleniumLibrary">
<arg>https://www.amazon.com</arg>
<arg>chrome</arg>
<doc>Opens a new browser instance to the optional ``url``.</doc>
<msg timestamp="20211123 09:34:20.675" level="INFO">Opening browser 'chrome' to base url 'https://www.amazon.com'.</msg>
<status status="PASS" starttime="20211123 09:34:20.675" endtime="20211123 09:34:25.469"/>
</kw>
<kw name="Wait Until Page Contains" library="SeleniumLibrary">
<arg>Hello, Sign in</arg>
<doc>Waits until ``text`` appears on the current page.</doc>
<status status="PASS" starttime="20211123 09:34:25.471" endtime="20211123 09:34:25.554"/>
</kw>
<kw name="Input Text" library="SeleniumLibrary">
<arg>id=twotabsearchtextbox</arg>
<arg>Ferrari 458</arg>
<doc>Types the given ``text`` into the text field identified by ``locator``.</doc>
<msg timestamp="20211123 09:34:25.556" level="INFO">Typing text 'Ferrari 458' into text field 'id=twotabsearchtextbox'.</msg>
<status status="PASS" starttime="20211123 09:34:25.555" endtime="20211123 09:34:25.768"/>
</kw>
<kw name="Click Button" library="SeleniumLibrary">
<arg>id=nav-search-submit-button</arg>
<doc>Clicks the button identified by ``locator``.</doc>
<msg timestamp="20211123 09:34:25.769" level="INFO">Clicking button 'id=nav-search-submit-button'.</msg>
<status status="PASS" starttime="20211123 09:34:25.769" endtime="20211123 09:34:33.311"/>
</kw>
<kw name="Wait Until Page Contains" library="SeleniumLibrary">
<arg>results for "Ferrari 458"</arg>
<doc>Waits until ``text`` appears on the current page.</doc>
<status status="PASS" starttime="20211123 09:34:33.313" endtime="20211123 09:34:33.383"/>
</kw>
<kw name="Click Link" library="SeleniumLibrary">
<arg>xpath=//*[@id="search"]/div[1]/div[1]/div/span[3]/div[2]/div[5]/div/span/div/div/span/a</arg>
<doc>Clicks a link identified by ``locator``.</doc>
<msg timestamp="20211123 09:34:33.383" level="INFO">Clicking link 'xpath=//*[@id="search"]/div[1]/div[1]/div/span[3]/div[2]/div[5]/div/span/div/div/span/a'.</msg>
<status status="PASS" starttime="20211123 09:34:33.383" endtime="20211123 09:34:35.949"/>
</kw>
<kw name="Wait Until Page Contains" library="SeleniumLibrary">
<arg>Back to results</arg>
<doc>Waits until ``text`` appears on the current page.</doc>
<status status="PASS" starttime="20211123 09:34:35.950" endtime="20211123 09:34:36.024"/>
</kw>
<kw name="Click Button" library="SeleniumLibrary">
<arg>id=add-to-cart-button</arg>
<doc>Clicks the button identified by ``locator``.</doc>
<msg timestamp="20211123 09:34:36.025" level="INFO">Clicking button 'id=add-to-cart-button'.</msg>
<status status="PASS" starttime="20211123 09:34:36.025" endtime="20211123 09:34:37.440"/>
</kw>
<kw name="Wait Until Page Contains" library="SeleniumLibrary">
<arg>Added to Cart</arg>
<doc>Waits until ``text`` appears on the current page.</doc>
<status status="PASS" starttime="20211123 09:34:37.440" endtime="20211123 09:34:37.470"/>
</kw>
<kw name="Click Link" library="SeleniumLibrary">
<arg>id=hlb-ptc-btn-native</arg>
<doc>Clicks a link identified by ``locator``.</doc>
<msg timestamp="20211123 09:34:37.471" level="INFO">Clicking link 'id=hlb-ptc-btn-native'.</msg>
<status status="PASS" starttime="20211123 09:34:37.471" endtime="20211123 09:34:38.170"/>
</kw>
<kw name="Page Should Contain Element" library="SeleniumLibrary">
<arg>continue</arg>
<doc>Verifies that element ``locator`` is found on the current page.</doc>
<msg timestamp="20211123 09:34:38.234" level="INFO">Current page contains element 'continue'.</msg>
<status status="PASS" starttime="20211123 09:34:38.171" endtime="20211123 09:34:38.234"/>
</kw>
<kw name="Sleep" library="BuiltIn">
<arg>3s</arg>
<doc>Pauses the test executed for the given time.</doc>
<msg timestamp="20211123 09:34:41.242" level="INFO">Slept 3 seconds</msg>
<status status="PASS" starttime="20211123 09:34:38.235" endtime="20211123 09:34:41.242"/>
</kw>
<kw name="Close Browser" library="SeleniumLibrary">
<doc>Closes the current browser.</doc>
<status status="PASS" starttime="20211123 09:34:41.243" endtime="20211123 09:34:43.416"/>
</kw>
<doc>Attempt to checkout on Amazon without logging in</doc>
<tag>Chrome</tag>
<status status="PASS" starttime="20211123 09:34:20.674" endtime="20211123 09:34:43.419"/>
</test>
<doc>info</doc>
<status status="PASS" starttime="20211123 09:34:20.469" endtime="20211123 09:34:43.424"/>
</suite>
<statistics>
<total>
<stat pass="1" fail="0" skip="0">All Tests</stat>
</total>
<tag>
<stat pass="1" fail="0" skip="0">Chrome</stat>
</tag>
<suite>
<stat pass="1" fail="0" skip="0" id="s1" name="Amazon">Amazon</stat>
</suite>
</statistics>
<errors>
</errors>
</robot>
