<?xml version="1.0" encoding="UTF-8"?>
<robot generator="Robot 4.1.2 (Python 3.10.0 on win32)" generated="20211201 11:14:10.781" rpa="false" schemaversion="2">
<suite id="s1" name="Dialogs" source="C:\Users\jagibson\Prog_Projects\explore-libraries\tests\dialogs.robot">
<test id="s1-t1" name="Logged out user can search for products">
<kw name="Begin Web Test" library="Common" type="SETUP">
<kw name="Open Browser" library="SeleniumLibrary">
<arg>about:blank</arg>
<arg>${BROWSER}</arg>
<doc>Opens a new browser instance to the optional ``url``.</doc>
<msg timestamp="20211201 11:14:11.027" level="INFO">Opening browser 'chrome' to base url 'about:blank'.</msg>
<status status="PASS" starttime="20211201 11:14:11.027" endtime="20211201 11:14:12.402"/>
</kw>
<status status="PASS" starttime="20211201 11:14:11.026" endtime="20211201 11:14:12.403"/>
</kw>
<kw name="Get Selection From User" library="Dialogs">
<var>${new_browser}</var>
<arg>Select next browser:</arg>
<arg>chrome</arg>
<arg>ie</arg>
<arg>firefox</arg>
<doc>Pauses test execution and asks user to select a value.</doc>
<msg timestamp="20211201 11:14:15.346" level="INFO">${new_browser} = chrome</msg>
<status status="PASS" starttime="20211201 11:14:12.403" endtime="20211201 11:14:15.346"/>
</kw>
<kw name="Set Global Variable" library="BuiltIn">
<arg>${BROWSER}</arg>
<arg>${new_browser}</arg>
<doc>Makes a variable available globally in all tests and suites.</doc>
<msg timestamp="20211201 11:14:15.347" level="INFO">${BROWSER} = chrome</msg>
<status status="PASS" starttime="20211201 11:14:15.347" endtime="20211201 11:14:15.348"/>
</kw>
<kw name="Search for Products" library="AmazonApp">
<kw name="Load" library="LandingPage">
<kw name="Go To" library="SeleniumLibrary">
<arg>${START_URL}</arg>
<doc>Navigates the current browser window to the provided ``url``.</doc>
<msg timestamp="20211201 11:14:15.349" level="INFO">Opening url 'https://www.amazon.com'</msg>
<status status="PASS" starttime="20211201 11:14:15.349" endtime="20211201 11:14:19.507"/>
</kw>
<status status="PASS" starttime="20211201 11:14:15.349" endtime="20211201 11:14:19.507"/>
</kw>
<kw name="Verify Page Loaded" library="LandingPage">
<kw name="Wait Until Page Contains" library="SeleniumLibrary">
<arg>Sell</arg>
<doc>Waits until ``text`` appears on the current page.</doc>
<status status="PASS" starttime="20211201 11:14:19.508" endtime="20211201 11:14:20.026"/>
</kw>
<status status="PASS" starttime="20211201 11:14:19.507" endtime="20211201 11:14:20.027"/>
</kw>
<kw name="Search for Products" library="TopNav">
<kw name="Enter Search Term" library="TopNav">
<kw name="Input Text" library="SeleniumLibrary">
<arg>id=twotabsearchtextbox</arg>
<arg>${SEARCH_TERM}</arg>
<doc>Types the given ``text`` into the text field identified by ``locator``.</doc>
<msg timestamp="20211201 11:14:20.029" level="INFO">Typing text 'Ferrari 458' into text field 'id=twotabsearchtextbox'.</msg>
<status status="PASS" starttime="20211201 11:14:20.028" endtime="20211201 11:14:20.615"/>
</kw>
<status status="PASS" starttime="20211201 11:14:20.027" endtime="20211201 11:14:20.615"/>
</kw>
<kw name="Submit Search" library="TopNav">
<kw name="Click Button" library="SeleniumLibrary">
<arg>${TOP_NAV_SEARCH_BUTTON}</arg>
<doc>Clicks the button identified by ``locator``.</doc>
<msg timestamp="20211201 11:14:20.616" level="INFO">Clicking button 'id=nav-search-submit-button'.</msg>
<status status="PASS" starttime="20211201 11:14:20.616" endtime="20211201 11:14:27.134"/>
</kw>
<status status="PASS" starttime="20211201 11:14:20.615" endtime="20211201 11:14:27.134"/>
</kw>
<status status="PASS" starttime="20211201 11:14:20.027" endtime="20211201 11:14:27.134"/>
</kw>
<kw name="Verify Search Completed" library="SearchResults">
<kw name="Wait Until Page Contains" library="SeleniumLibrary">
<arg>results for "${SEARCH_TERM}"</arg>
<doc>Waits until ``text`` appears on the current page.</doc>
<status status="PASS" starttime="20211201 11:14:27.135" endtime="20211201 11:14:27.197"/>
</kw>
<status status="PASS" starttime="20211201 11:14:27.134" endtime="20211201 11:14:27.197"/>
</kw>
<status status="PASS" starttime="20211201 11:14:15.348" endtime="20211201 11:14:27.197"/>
</kw>
<kw name="End Web Test" library="Common" type="TEARDOWN">
<kw name="Close Browser" library="SeleniumLibrary">
<doc>Closes the current browser.</doc>
<status status="PASS" starttime="20211201 11:14:27.198" endtime="20211201 11:14:29.407"/>
</kw>
<status status="PASS" starttime="20211201 11:14:27.198" endtime="20211201 11:14:29.407"/>
</kw>
<tag>Web</tag>
<status status="PASS" starttime="20211201 11:14:11.026" endtime="20211201 11:14:29.407"/>
</test>
<test id="s1-t2" name="Logged out user can add product to cart">
<kw name="Begin Web Test" library="Common" type="SETUP">
<kw name="Open Browser" library="SeleniumLibrary">
<arg>about:blank</arg>
<arg>${BROWSER}</arg>
<doc>Opens a new browser instance to the optional ``url``.</doc>
<msg timestamp="20211201 11:14:29.410" level="INFO">Opening browser 'chrome' to base url 'about:blank'.</msg>
<status status="PASS" starttime="20211201 11:14:29.410" endtime="20211201 11:14:30.683"/>
</kw>
<status status="PASS" starttime="20211201 11:14:29.410" endtime="20211201 11:14:30.683"/>
</kw>
<kw name="Search for Products" library="AmazonApp">
<kw name="Load" library="LandingPage">
<kw name="Go To" library="SeleniumLibrary">
<arg>${START_URL}</arg>
<doc>Navigates the current browser window to the provided ``url``.</doc>
<msg timestamp="20211201 11:14:30.684" level="INFO">Opening url 'https://www.amazon.com'</msg>
<status status="PASS" starttime="20211201 11:14:30.684" endtime="20211201 11:14:34.742"/>
</kw>
<status status="PASS" starttime="20211201 11:14:30.683" endtime="20211201 11:14:34.742"/>
</kw>
<kw name="Verify Page Loaded" library="LandingPage">
<kw name="Wait Until Page Contains" library="SeleniumLibrary">
<arg>Sell</arg>
<doc>Waits until ``text`` appears on the current page.</doc>
<status status="PASS" starttime="20211201 11:14:34.743" endtime="20211201 11:14:34.918"/>
</kw>
<status status="PASS" starttime="20211201 11:14:34.742" endtime="20211201 11:14:34.918"/>
</kw>
<kw name="Search for Products" library="TopNav">
<kw name="Enter Search Term" library="TopNav">
<kw name="Input Text" library="SeleniumLibrary">
<arg>id=twotabsearchtextbox</arg>
<arg>${SEARCH_TERM}</arg>
<doc>Types the given ``text`` into the text field identified by ``locator``.</doc>
<msg timestamp="20211201 11:14:34.920" level="INFO">Typing text 'Ferrari 458' into text field 'id=twotabsearchtextbox'.</msg>
<status status="PASS" starttime="20211201 11:14:34.920" endtime="20211201 11:14:35.242"/>
</kw>
<status status="PASS" starttime="20211201 11:14:34.919" endtime="20211201 11:14:35.242"/>
</kw>
<kw name="Submit Search" library="TopNav">
<kw name="Click Button" library="SeleniumLibrary">
<arg>${TOP_NAV_SEARCH_BUTTON}</arg>
<doc>Clicks the button identified by ``locator``.</doc>
<msg timestamp="20211201 11:14:35.243" level="INFO">Clicking button 'id=nav-search-submit-button'.</msg>
<status status="PASS" starttime="20211201 11:14:35.243" endtime="20211201 11:14:41.899"/>
</kw>
<status status="PASS" starttime="20211201 11:14:35.242" endtime="20211201 11:14:41.899"/>
</kw>
<status status="PASS" starttime="20211201 11:14:34.918" endtime="20211201 11:14:41.899"/>
</kw>
<kw name="Verify Search Completed" library="SearchResults">
<kw name="Wait Until Page Contains" library="SeleniumLibrary">
<arg>results for "${SEARCH_TERM}"</arg>
<doc>Waits until ``text`` appears on the current page.</doc>
<status status="PASS" starttime="20211201 11:14:41.900" endtime="20211201 11:14:41.987"/>
</kw>
<status status="PASS" starttime="20211201 11:14:41.900" endtime="20211201 11:14:41.988"/>
</kw>
<status status="PASS" starttime="20211201 11:14:30.683" endtime="20211201 11:14:41.988"/>
</kw>
<kw name="Execute Manual Step" library="Dialogs">
<arg>Do something manually!</arg>
<arg>It failed!</arg>
<doc>Pauses test execution until user sets the keyword status.</doc>
<status status="PASS" starttime="20211201 11:14:41.988" endtime="20211201 11:14:58.782"/>
</kw>
<kw name="Select Product from Search Results" library="AmazonApp">
<kw name="Click Product Link" library="SearchResults">
<doc>Clicks on the first product in the search results list</doc>
<kw name="Click Link" library="SeleniumLibrary">
<arg>css=#result_0 a.s-access-detail-page</arg>
<doc>Clicks a link identified by ``locator``.</doc>
<msg timestamp="20211201 11:14:58.784" level="INFO">Clicking link 'css=#result_0 a.s-access-detail-page'.</msg>
<msg timestamp="20211201 11:14:58.963" level="INFO" html="true">&lt;/td&gt;&lt;/tr&gt;&lt;tr&gt;&lt;td colspan="3"&gt;&lt;a href="selenium-screenshot-5.png"&gt;&lt;img src="selenium-screenshot-5.png" width="800px"&gt;&lt;/a&gt;</msg>
<msg timestamp="20211201 11:14:58.968" level="FAIL">Link with locator 'css=#result_0 a.s-access-detail-page' not found.</msg>
<status status="FAIL" starttime="20211201 11:14:58.784" endtime="20211201 11:14:58.969"/>
</kw>
<status status="FAIL" starttime="20211201 11:14:58.783" endtime="20211201 11:14:58.969"/>
</kw>
<kw name="Verify Page Loaded" library="Product">
<status status="NOT RUN" starttime="20211201 11:14:58.970" endtime="20211201 11:14:58.970"/>
</kw>
<status status="FAIL" starttime="20211201 11:14:58.783" endtime="20211201 11:14:58.970"/>
</kw>
<kw name="Pause Execution" library="Dialogs">
<doc>Pauses test execution until user clicks ``Ok`` button.</doc>
<status status="NOT RUN" starttime="20211201 11:14:58.971" endtime="20211201 11:14:58.971"/>
</kw>
<kw name="Add Product to Cart" library="AmazonApp">
<status status="NOT RUN" starttime="20211201 11:14:58.971" endtime="20211201 11:14:58.971"/>
</kw>
<kw name="End Web Test" library="Common" type="TEARDOWN">
<kw name="Close Browser" library="SeleniumLibrary">
<doc>Closes the current browser.</doc>
<status status="PASS" starttime="20211201 11:14:58.972" endtime="20211201 11:15:01.191"/>
</kw>
<status status="PASS" starttime="20211201 11:14:58.971" endtime="20211201 11:15:01.191"/>
</kw>
<tag>Web</tag>
<status status="FAIL" starttime="20211201 11:14:29.409" endtime="20211201 11:15:01.193">Link with locator 'css=#result_0 a.s-access-detail-page' not found.</status>
</test>
<doc>These are some web tests</doc>
<status status="FAIL" starttime="20211201 11:14:10.782" endtime="20211201 11:15:01.195"/>
</suite>
<statistics>
<total>
<stat pass="1" fail="1" skip="0">All Tests</stat>
</total>
<tag>
<stat pass="1" fail="1" skip="0">Web</stat>
</tag>
<suite>
<stat pass="1" fail="1" skip="0" id="s1" name="Dialogs">Dialogs</stat>
</suite>
</statistics>
<errors>
</errors>
</robot>
